#
# A fatal error has been detected by the Java Runtime Environment:
#
#  SIGBUS (0xa) at pc=0x0000000102b6dfd6, pid=1305, tid=14087
#
# JRE version: Java(TM) SE Runtime Environment (8.0_20-b26) (build 1.8.0_20-b26)
# Java VM: Java HotSpot(TM) 64-Bit Server VM (25.20-b23 mixed mode bsd-amd64 compressed oops)
# Problematic frame:
# C  [libzip.dylib+0x2fd6]  newEntry+0x154
#
# Failed to write core dump. Core dumps have been disabled. To enable core dumping, try "ulimit -c unlimited" before starting Java again
#
# If you would like to submit a bug report, please visit:
#   http://bugreport.sun.com/bugreport/crash.jsp
# The crash happened outside the Java Virtual Machine in native code.
# See problematic frame for where to report the bug.
#

---------------  T H R E A D  ---------------

Current thread (0x00007fb74383c800):  JavaThread "Thread-3" [_thread_in_native, id=14087, stack(0x000000011dd50000,0x000000011de50000)]

siginfo: si_signo: 10 (SIGBUS), si_code: 2 (BUS_ADRERR), si_addr: 0x000000011b01c195

Registers:
RAX=0x00007fb743426f50, RBX=0x000000011b01c189, RCX=0x0000000000000001, RDX=0x0000000000000108
RSP=0x000000011de4d270, RBP=0x000000011de4d2d0, RSI=0x00007fb745900000, RDI=0x00000001029f6e00
R8 =0x0000000000000004, R9 =0x00000000ffffff00, R10=0x000000010455ab18, R11=0xfffffff97d00f096
R12=0x000000000000e6e0, R13=0x00007fb7450d0a00, R14=0x00007fb743426f50, R15=0x00007fb743783480
RIP=0x0000000102b6dfd6, EFLAGS=0x0000000000010202, ERR=0x0000000000000004
  TRAPNO=0x000000000000000e

Top of Stack: (sp=0x000000011de4d270)
0x000000011de4d270:   0000000000000000 00000000c00515b0
0x000000011de4d280:   0000000000000000 00000000ffffffc2
0x000000011de4d290:   000000011de4d2b0 00007fb743426f50
0x000000011de4d2a0:   00007fb745911030 0000000077853bcc
0x000000011de4d2b0:   000000000000e6e0 00007fb7450d0a00
0x000000011de4d2c0:   00007fb743426f50 00007fb743783480
0x000000011de4d2d0:   000000011de4d320 0000000102b6e644
0x000000011de4d2e0:   0000000000000036 000000364383c800
0x000000011de4d2f0:   000000011de4d33e 000000011de4d788
0x000000011de4d300:   0000000000000036 000000011de4d33e
0x000000011de4d310:   00007fb743426f50 00007fb74383c9e8
0x000000011de4d320:   000000011de4d770 0000000102b6d48f
0x000000011de4d330:   0000000000000001 726f000100000001
0x000000011de4d340:   7370696c63652f67 2f797474656a2f65
0x000000011de4d350:   7268742f6c697475 756575512f646165
0x000000011de4d360:   6461657268546465 632e31246c6f6f50
0x000000011de4d370:   000000007373616c 0000000000000000
0x000000011de4d380:   000000011de4d3b0 000000010369d807
0x000000011de4d390:   0000000102b90080 00000001176413b8
0x000000011de4d3a0:   0000000102b94440 00000007c0048f18
0x000000011de4d3b0:   000000011de4d3e0 000000010369d9e2
0x000000011de4d3c0:   0000000000000000 00000007c0048f18
0x000000011de4d3d0:   0000003000000010 000000011de4d9b0
0x000000011de4d3e0:   000000011de4d8d0 00000001037a1852
0x000000011de4d3f0:   0000000100000000 00007fb74383c800
0x000000011de4d400:   0000000117641400 00007fb74583da30
0x000000011de4d410:   00000007a0e3de98 00000007a0e3deb8
0x000000011de4d420:   00000007a0e3df08 00000007a0e3df98
0x000000011de4d430:   000000010000000f 00000001037a206a
0x000000011de4d440:   00007fb74383c800 000000011de4d608
0x000000011de4d450:   00007fb7436ebf70 00007fb743784d50
0x000000011de4d460:   00007fb743784d60 00007fb743785138 

Instructions: (pc=0x0000000102b6dfd6)
0x0000000102b6dfb6:   49 8b 7f 38 e8 a5 1a 00 00 4d 89 77 38 49 89 5f
0x0000000102b6dfc6:   40 4c 89 f0 48 85 c0 0f 84 16 05 00 00 48 89 c3
0x0000000102b6dfd6:   0f b6 43 0c 0f b6 4b 0d 48 c1 e1 08 48 01 c1 0f
0x0000000102b6dfe6:   b6 43 0e 0f b6 53 0f 48 c1 e2 08 48 01 c2 48 c1 

Register to memory mapping:

RAX=0x00007fb743426f50 is an unknown value
RBX=0x000000011b01c189 is an unknown value
RCX=0x0000000000000001 is an unknown value
RDX=0x0000000000000108 is an unknown value
RSP=0x000000011de4d270 is pointing into the stack for thread: 0x00007fb74383c800
RBP=0x000000011de4d2d0 is pointing into the stack for thread: 0x00007fb74383c800
RSI=0x00007fb745900000 is an unknown value
RDI=0x00000001029f6e00 is an unknown value
R8 =0x0000000000000004 is an unknown value
R9 =0x00000000ffffff00 is an unknown value
R10=0x000000010455ab18 is at entry_point+88 in (nmethod*)0x000000010455a950
R11=0xfffffff97d00f096 is an unknown value
R12=0x000000000000e6e0 is an unknown value
R13=0x00007fb7450d0a00 is an unknown value
R14=0x00007fb743426f50 is an unknown value
R15=0x00007fb743783480 is an unknown value


Stack: [0x000000011dd50000,0x000000011de50000],  sp=0x000000011de4d270,  free space=1012k
Native frames: (J=compiled Java code, j=interpreted, Vv=VM code, C=native code)
C  [libzip.dylib+0x2fd6]  newEntry+0x154
C  [libzip.dylib+0x3644]  ZIP_GetEntry+0xa2
C  [libzip.dylib+0x248f]  Java_java_util_zip_ZipFile_getEntry+0xdd
J 111  java.util.zip.ZipFile.getEntry(J[BZ)J (0 bytes) @ 0x000000010455ab8e [0x000000010455aac0+0xce]
J 1098 C2 sun.misc.URLClassPath$JarLoader.getResource(Ljava/lang/String;Z)Lsun/misc/Resource; (85 bytes) @ 0x00000001047dd744 [0x00000001047dd2c0+0x484]

Java frames: (J=compiled Java code, j=interpreted, Vv=VM code)
J 111  java.util.zip.ZipFile.getEntry(J[BZ)J (0 bytes) @ 0x000000010455ab18 [0x000000010455aac0+0x58]
J 1098 C2 sun.misc.URLClassPath$JarLoader.getResource(Ljava/lang/String;Z)Lsun/misc/Resource; (85 bytes) @ 0x00000001047dd744 [0x00000001047dd2c0+0x484]
J 516 C2 sun.misc.URLClassPath.getResource(Ljava/lang/String;Z)Lsun/misc/Resource; (74 bytes) @ 0x000000010466db30 [0x000000010466dac0+0x70]
J 261 C1 java.net.URLClassLoader$1.run()Ljava/lang/Class; (73 bytes) @ 0x00000001045a73ac [0x00000001045a71a0+0x20c]
J 260 C1 java.net.URLClassLoader$1.run()Ljava/lang/Object; (5 bytes) @ 0x00000001045a6e0c [0x00000001045a6d80+0x8c]
v  ~StubRoutines::call_stub
J 259  java.security.AccessController.doPrivileged(Ljava/security/PrivilegedExceptionAction;Ljava/security/AccessControlContext;)Ljava/lang/Object; (0 bytes) @ 0x00000001045a51e3 [0x00000001045a5180+0x63]
J 257 C1 java.net.URLClassLoader.findClass(Ljava/lang/String;)Ljava/lang/Class; (29 bytes) @ 0x00000001045a7d2c [0x00000001045a7ba0+0x18c]
J 177 C1 java.lang.ClassLoader.loadClass(Ljava/lang/String;Z)Ljava/lang/Class; (122 bytes) @ 0x00000001045814a4 [0x0000000104580b40+0x964]
J 317 C1 sun.misc.Launcher$AppClassLoader.loadClass(Ljava/lang/String;Z)Ljava/lang/Class; (40 bytes) @ 0x00000001045d0f74 [0x00000001045d0b40+0x434]
J 234 C1 java.lang.ClassLoader.loadClass(Ljava/lang/String;)Ljava/lang/Class; (7 bytes) @ 0x000000010459fac4 [0x000000010459f9c0+0x104]
v  ~StubRoutines::call_stub
j  org.eclipse.jetty.util.thread.QueuedThreadPool.doStop()V+50
j  org.eclipse.jetty.util.component.AbstractLifeCycle.stop()V+30
j  org.eclipse.jetty.util.component.AggregateLifeCycle.doStop()V+89
j  org.eclipse.jetty.server.AbstractConnector.doStop()V+18
j  org.eclipse.jetty.server.bio.SocketConnector.doStop()V+1
j  org.eclipse.jetty.util.component.AbstractLifeCycle.stop()V+30
j  org.eclipse.jetty.server.Server.doStop()V+183
j  org.eclipse.jetty.util.component.AbstractLifeCycle.stop()V+30
j  org.eclipse.jetty.util.thread.ShutdownThread.run()V+41
v  ~StubRoutines::call_stub

---------------  P R O C E S S  ---------------

Java Threads: ( => current thread )
=>0x00007fb74383c800 JavaThread "Thread-3" [_thread_in_native, id=14087, stack(0x000000011dd50000,0x000000011de50000)]
  0x00007fb744879800 JavaThread "SIGINT handler" daemon [_thread_blocked, id=12039, stack(0x000000011db4a000,0x000000011dc4a000)]
  0x00007fb7449ae800 JavaThread "DestroyJavaVM" [_thread_blocked, id=4867, stack(0x000000010431c000,0x000000010441c000)]
  0x00007fb7449ff800 JavaThread "qtp1182908789-33" [_thread_blocked, id=29443, stack(0x000000011d6f5000,0x000000011d7f5000)]
  0x00007fb7440c8000 JavaThread "qtp1182908789-32" [_thread_blocked, id=28931, stack(0x000000011d5f2000,0x000000011d6f2000)]
  0x00007fb7452ce800 JavaThread "qtp1182908789-31" [_thread_blocked, id=28419, stack(0x000000011d4ef000,0x000000011d5ef000)]
  0x00007fb743ad1800 JavaThread "qtp1182908789-30" [_thread_blocked, id=27907, stack(0x000000011d3ec000,0x000000011d4ec000)]
  0x00007fb743ad0800 JavaThread "qtp1182908789-29" [_thread_blocked, id=27395, stack(0x000000011d2e9000,0x000000011d3e9000)]
  0x00007fb743ad0000 JavaThread "qtp1182908789-28" [_thread_blocked, id=26883, stack(0x000000011d1e6000,0x000000011d2e6000)]
  0x00007fb744982000 JavaThread "qtp1182908789-27" [_thread_blocked, id=26371, stack(0x000000011d0e3000,0x000000011d1e3000)]
  0x00007fb744192000 JavaThread "qtp1182908789-26" [_thread_blocked, id=25859, stack(0x000000011cfe0000,0x000000011d0e0000)]
  0x00007fb743acf000 JavaThread "qtp1529115495-25" [_thread_blocked, id=25347, stack(0x000000011cedd000,0x000000011cfdd000)]
  0x00007fb743ace800 JavaThread "qtp1529115495-24" [_thread_blocked, id=24835, stack(0x000000011cdda000,0x000000011ceda000)]
  0x00007fb7440c7800 JavaThread "qtp1529115495-23" [_thread_blocked, id=24323, stack(0x000000011ccd7000,0x000000011cdd7000)]
  0x00007fb743a49800 JavaThread "qtp1529115495-22" [_thread_blocked, id=23811, stack(0x000000011cbd4000,0x000000011ccd4000)]
  0x00007fb743a48800 JavaThread "qtp1529115495-21" [_thread_blocked, id=23299, stack(0x000000011cad1000,0x000000011cbd1000)]
  0x00007fb7440c6800 JavaThread "qtp1529115495-20" [_thread_blocked, id=22787, stack(0x000000011c9ce000,0x000000011cace000)]
  0x00007fb744195000 JavaThread "qtp1529115495-19" [_thread_blocked, id=22275, stack(0x000000011c8cb000,0x000000011c9cb000)]
  0x00007fb743b1d000 JavaThread "qtp1529115495-18" [_thread_blocked, id=21763, stack(0x000000011c7c8000,0x000000011c8c8000)]
  0x00007fb743a43800 JavaThread "async-request-log-dispatcher-1" daemon [_thread_blocked, id=21251, stack(0x000000011c6c5000,0x000000011c7c5000)]
  0x00007fb743a7c800 JavaThread "metrics-meter-tick-thread-2" daemon [_thread_blocked, id=20739, stack(0x000000011be54000,0x000000011bf54000)]
  0x00007fb743a7b800 JavaThread "metrics-meter-tick-thread-1" daemon [_thread_blocked, id=20227, stack(0x000000011bd51000,0x000000011be51000)]
  0x00007fb7440eb000 JavaThread "async-log-appender-1" daemon [_thread_blocked, id=19715, stack(0x000000011bb1a000,0x000000011bc1a000)]
  0x00007fb744996800 JavaThread "async-log-appender-0" daemon [_thread_blocked, id=19203, stack(0x000000011b7c9000,0x000000011b8c9000)]
  0x00007fb745066800 JavaThread "Service Thread" daemon [_thread_blocked, id=18179, stack(0x000000011ad7f000,0x000000011ae7f000)]
  0x00007fb745063800 JavaThread "C1 CompilerThread2" daemon [_thread_blocked, id=17667, stack(0x000000011ac7c000,0x000000011ad7c000)]
  0x00007fb745063000 JavaThread "C2 CompilerThread1" daemon [_thread_blocked, id=17155, stack(0x000000011ab79000,0x000000011ac79000)]
  0x00007fb745061000 JavaThread "C2 CompilerThread0" daemon [_thread_blocked, id=16643, stack(0x000000011aa76000,0x000000011ab76000)]
  0x00007fb745060800 JavaThread "Signal Dispatcher" daemon [_thread_blocked, id=13335, stack(0x000000011a973000,0x000000011aa73000)]
  0x00007fb743818800 JavaThread "Finalizer" daemon [_thread_blocked, id=11523, stack(0x000000011903a000,0x000000011913a000)]
  0x00007fb74504c000 JavaThread "Reference Handler" daemon [_thread_blocked, id=11011, stack(0x0000000118f37000,0x0000000119037000)]

Other Threads:
  0x00007fb743818000 VMThread [stack: 0x0000000118e34000,0x0000000118f34000] [id=10499]
  0x00007fb745054000 WatcherThread [stack: 0x000000011ae82000,0x000000011af82000] [id=18691]

VM state:not at safepoint (normal execution)

VM Mutex/Monitor currently owned by a thread: None

Heap:
 PSYoungGen      total 28672K, used 18907K [0x00000007a0000000, 0x00000007a3800000, 0x00000007c0000000)
  eden space 24576K, 60% used [0x00000007a0000000,0x00000007a0e77258,0x00000007a1800000)
  from space 4096K, 99% used [0x00000007a1800000,0x00000007a1bffce8,0x00000007a1c00000)
  to   space 4096K, 0% used [0x00000007a3400000,0x00000007a3400000,0x00000007a3800000)
 ParOldGen       total 65536K, used 4131K [0x0000000760000000, 0x0000000764000000, 0x00000007a0000000)
  object space 65536K, 6% used [0x0000000760000000,0x0000000760408e70,0x0000000764000000)
 Metaspace       used 19490K, capacity 19702K, committed 20096K, reserved 1067008K
  class space    used 2502K, capacity 2571K, committed 2688K, reserved 1048576K

Card table byte_map: [0x00000001137de000,0x0000000113adf000] byte_map_base: 0x000000010fcde000

Marking Bits: (ParMarkBitMap*) 0x0000000103c9c330
 Begin Bits: [0x00000001140eb000, 0x00000001158eb000)
 End Bits:   [0x00000001158eb000, 0x00000001170eb000)

Polling page: 0x0000000102b61000

CodeCache: size=245760Kb used=5060Kb max_used=5071Kb free=240699Kb
 bounds [0x000000010441e000, 0x000000010491e000, 0x000000011341e000]
 total_blobs=2016 nmethods=1609 adapters=321
 compilation: enabled

Compilation events (10 events):
Event: 862.990 Thread 0x00007fb745063800 nmethod 1645 0x00000001045933d0 code [0x0000000104593540, 0x0000000104593768]
Event: 862.990 Thread 0x00007fb745063800 1643       3       java.text.DontCareFieldPosition$1::formatted (1 bytes)
Event: 862.990 Thread 0x00007fb745063800 nmethod 1643 0x0000000104593090 code [0x00000001045931e0, 0x0000000104593330]
Event: 862.990 Thread 0x00007fb745063800 1647       1       com.sun.jmx.mbeanserver.MBeanSupport::getResource (5 bytes)
Event: 862.990 Thread 0x00007fb745063800 nmethod 1647 0x000000010454e110 code [0x000000010454e260, 0x000000010454e370]
Event: 862.997 Thread 0x00007fb745061000 nmethod 1646 0x0000000104915210 code [0x00000001049153c0, 0x0000000104915940]
Event: 864.991 Thread 0x00007fb745063000 1648       4       java.util.ArrayList::rangeCheck (22 bytes)
Event: 864.991 Thread 0x00007fb745061000 1649       4       java.util.ArrayList::elementData (7 bytes)
Event: 864.991 Thread 0x00007fb745063000 nmethod 1648 0x00000001045ca4d0 code [0x00000001045ca620, 0x00000001045ca698]
Event: 864.991 Thread 0x00007fb745061000 nmethod 1649 0x0000000104902450 code [0x00000001049025a0, 0x0000000104902658]

GC Heap History (6 events):
Event: 0.593 GC heap before
{Heap before GC invocations=1 (full 0):
 PSYoungGen      total 28672K, used 24576K [0x00000007a0000000, 0x00000007a2000000, 0x00000007c0000000)
  eden space 24576K, 100% used [0x00000007a0000000,0x00000007a1800000,0x00000007a1800000)
  from space 4096K, 0% used [0x00000007a1c00000,0x00000007a1c00000,0x00000007a2000000)
  to   space 4096K, 0% used [0x00000007a1800000,0x00000007a1800000,0x00000007a1c00000)
 ParOldGen       total 65536K, used 0K [0x0000000760000000, 0x0000000764000000, 0x00000007a0000000)
  object space 65536K, 0% used [0x0000000760000000,0x0000000760000000,0x0000000764000000)
 Metaspace       used 9455K, capacity 9580K, committed 9728K, reserved 1058816K
  class space    used 1136K, capacity 1168K, committed 1280K, reserved 1048576K
Event: 0.599 GC heap after
Heap after GC invocations=1 (full 0):
 PSYoungGen      total 28672K, used 4081K [0x00000007a0000000, 0x00000007a2000000, 0x00000007c0000000)
  eden space 24576K, 0% used [0x00000007a0000000,0x00000007a0000000,0x00000007a1800000)
  from space 4096K, 99% used [0x00000007a1800000,0x00000007a1bfc410,0x00000007a1c00000)
  to   space 4096K, 0% used [0x00000007a1c00000,0x00000007a1c00000,0x00000007a2000000)
 ParOldGen       total 65536K, used 1441K [0x0000000760000000, 0x0000000764000000, 0x00000007a0000000)
  object space 65536K, 2% used [0x0000000760000000,0x0000000760168730,0x0000000764000000)
 Metaspace       used 9455K, capacity 9580K, committed 9728K, reserved 1058816K
  class space    used 1136K, capacity 1168K, committed 1280K, reserved 1048576K
}
Event: 1.169 GC heap before
{Heap before GC invocations=2 (full 0):
 PSYoungGen      total 28672K, used 28657K [0x00000007a0000000, 0x00000007a2000000, 0x00000007c0000000)
  eden space 24576K, 100% used [0x00000007a0000000,0x00000007a1800000,0x00000007a1800000)
  from space 4096K, 99% used [0x00000007a1800000,0x00000007a1bfc410,0x00000007a1c00000)
  to   space 4096K, 0% used [0x00000007a1c00000,0x00000007a1c00000,0x00000007a2000000)
 ParOldGen       total 65536K, used 1441K [0x0000000760000000, 0x0000000764000000, 0x00000007a0000000)
  object space 65536K, 2% used [0x0000000760000000,0x0000000760168730,0x0000000764000000)
 Metaspace       used 14697K, capacity 14836K, committed 14976K, reserved 1062912K
  class space    used 1866K, capacity 1884K, committed 1920K, reserved 1048576K
Event: 1.177 GC heap after
Heap after GC invocations=2 (full 0):
 PSYoungGen      total 28672K, used 4079K [0x00000007a0000000, 0x00000007a3800000, 0x00000007c0000000)
  eden space 24576K, 0% used [0x00000007a0000000,0x00000007a0000000,0x00000007a1800000)
  from space 4096K, 99% used [0x00000007a1c00000,0x00000007a1ffbdd0,0x00000007a2000000)
  to   space 4096K, 0% used [0x00000007a1800000,0x00000007a1800000,0x00000007a1c00000)
 ParOldGen       total 65536K, used 3088K [0x0000000760000000, 0x0000000764000000, 0x00000007a0000000)
  object space 65536K, 4% used [0x0000000760000000,0x0000000760304150,0x0000000764000000)
 Metaspace       used 14697K, capacity 14836K, committed 14976K, reserved 1062912K
  class space    used 1866K, capacity 1884K, committed 1920K, reserved 1048576K
}
Event: 1.534 GC heap before
{Heap before GC invocations=3 (full 0):
 PSYoungGen      total 28672K, used 28655K [0x00000007a0000000, 0x00000007a3800000, 0x00000007c0000000)
  eden space 24576K, 100% used [0x00000007a0000000,0x00000007a1800000,0x00000007a1800000)
  from space 4096K, 99% used [0x00000007a1c00000,0x00000007a1ffbdd0,0x00000007a2000000)
  to   space 4096K, 0% used [0x00000007a1800000,0x00000007a1800000,0x00000007a1c00000)
 ParOldGen       total 65536K, used 3088K [0x0000000760000000, 0x0000000764000000, 0x00000007a0000000)
  object space 65536K, 4% used [0x0000000760000000,0x0000000760304150,0x0000000764000000)
 Metaspace       used 16641K, capacity 16818K, committed 17152K, reserved 1064960K
  class space    used 2151K, capacity 2177K, committed 2304K, reserved 1048576K
Event: 1.543 GC heap after
Heap after GC invocations=3 (full 0):
 PSYoungGen      total 28672K, used 4095K [0x00000007a0000000, 0x00000007a3800000, 0x00000007c0000000)
  eden space 24576K, 0% used [0x00000007a0000000,0x00000007a0000000,0x00000007a1800000)
  from space 4096K, 99% used [0x00000007a1800000,0x00000007a1bffce8,0x00000007a1c00000)
  to   space 4096K, 0% used [0x00000007a3400000,0x00000007a3400000,0x00000007a3800000)
 ParOldGen       total 65536K, used 4131K [0x0000000760000000, 0x0000000764000000, 0x00000007a0000000)
  object space 65536K, 6% used [0x0000000760000000,0x0000000760408e70,0x0000000764000000)
 Metaspace       used 16641K, capacity 16818K, committed 17152K, reserved 1064960K
  class space    used 2151K, capacity 2177K, committed 2304K, reserved 1048576K
}

Deoptimization events (4 events):
Event: 0.315 Thread 0x00007fb744001000 Uncommon trap: reason=class_check action=maybe_recompile pc=0x00000001045aec10 method=java.lang.String.equals(Ljava/lang/Object;)Z @ 8
Event: 12.023 Thread 0x00007fb7440c6800 Uncommon trap: reason=class_check action=maybe_recompile pc=0x00000001045aec10 method=java.lang.String.equals(Ljava/lang/Object;)Z @ 8
Event: 12.025 Thread 0x00007fb7440c6800 Uncommon trap: reason=class_check action=maybe_recompile pc=0x00000001045aec10 method=java.lang.String.equals(Ljava/lang/Object;)Z @ 8
Event: 12.025 Thread 0x00007fb7440c6800 Uncommon trap: reason=class_check action=maybe_recompile pc=0x00000001045aec10 method=java.lang.String.equals(Ljava/lang/Object;)Z @ 8

Internal exceptions (10 events):
Event: 12.182 Thread 0x00007fb743a48800 Exception <a 'java/security/PrivilegedActionException'> (0x00000007a0b21708) thrown at [/HUDSON3/workspace/8-2-build-macosx-x86_64/jdk8u20/1074/hotspot/src/share/vm/prims/jvm.cpp, line 1275]
Event: 12.187 Thread 0x00007fb743a48800 Exception <a 'java/security/PrivilegedActionException'> (0x00000007a0b2c348) thrown at [/HUDSON3/workspace/8-2-build-macosx-x86_64/jdk8u20/1074/hotspot/src/share/vm/prims/jvm.cpp, line 1275]
Event: 12.187 Thread 0x00007fb743a48800 Exception <a 'java/security/PrivilegedActionException'> (0x00000007a0b2cee8) thrown at [/HUDSON3/workspace/8-2-build-macosx-x86_64/jdk8u20/1074/hotspot/src/share/vm/prims/jvm.cpp, line 1275]
Event: 12.188 Thread 0x00007fb743a48800 Exception <a 'java/security/PrivilegedActionException'> (0x00000007a0b33090) thrown at [/HUDSON3/workspace/8-2-build-macosx-x86_64/jdk8u20/1074/hotspot/src/share/vm/prims/jvm.cpp, line 1275]
Event: 12.190 Thread 0x00007fb743a48800 Exception <a 'java/security/PrivilegedActionException'> (0x00000007a0b3b020) thrown at [/HUDSON3/workspace/8-2-build-macosx-x86_64/jdk8u20/1074/hotspot/src/share/vm/prims/jvm.cpp, line 1275]
Event: 12.223 Thread 0x00007fb743a48800 Exception <a 'java/security/PrivilegedActionException'> (0x00000007a0b476a0) thrown at [/HUDSON3/workspace/8-2-build-macosx-x86_64/jdk8u20/1074/hotspot/src/share/vm/prims/jvm.cpp, line 1275]
Event: 312.280 Thread 0x00007fb743a48800 Exception <a 'java/io/IOException'> (0x00000007a0d65b40) thrown at [/HUDSON3/workspace/8-2-build-macosx-x86_64/jdk8u20/1074/hotspot/src/share/vm/prims/jni.cpp, line 716]
Event: 862.988 Thread 0x00007fb7449ff800 Exception <a 'java/net/SocketException': Socket closed> (0x00000007a0508be8) thrown at [/HUDSON3/workspace/8-2-build-macosx-x86_64/jdk8u20/1074/hotspot/src/share/vm/prims/jni.cpp, line 742]
Event: 862.989 Thread 0x00007fb743b1d000 Exception <a 'java/io/IOException'> (0x00000007a0b78488) thrown at [/HUDSON3/workspace/8-2-build-macosx-x86_64/jdk8u20/1074/hotspot/src/share/vm/prims/jni.cpp, line 716]
Event: 865.042 Thread 0x00007fb74383c800 Exception <a 'java/security/PrivilegedActionException'> (0x00000007a0e3de70) thrown at [/HUDSON3/workspace/8-2-build-macosx-x86_64/jdk8u20/1074/hotspot/src/share/vm/prims/jvm.cpp, line 1275]

Events (10 events):
Event: 862.986 loading class java/util/IdentityHashMap$IdentityHashMapIterator
Event: 862.986 loading class java/util/IdentityHashMap$IdentityHashMapIterator done
Event: 862.986 loading class java/util/IdentityHashMap$KeyIterator done
Event: 862.987 Thread 0x00007fb74387b800 Thread added: 0x00007fb74387b800
Event: 862.987 Thread 0x00007fb74383c800 Thread added: 0x00007fb74383c800
Event: 862.987 Thread 0x00007fb7449af800 Thread added: 0x00007fb7449af800
Event: 862.987 Thread 0x00007fb74387b800 Thread exited: 0x00007fb74387b800
Event: 862.989 Thread 0x00007fb7449af800 Thread exited: 0x00007fb7449af800
Event: 865.042 loading class org/eclipse/jetty/util/thread/QueuedThreadPool$1
Event: 865.042 loading class org/eclipse/jetty/util/thread/QueuedThreadPool$1 done


Dynamic libraries:
0x000000000a94c000 	/System/Library/Frameworks/Cocoa.framework/Versions/A/Cocoa
0x000000000a94c000 	/System/Library/Frameworks/Security.framework/Versions/A/Security
0x000000000a94c000 	/System/Library/Frameworks/ApplicationServices.framework/Versions/A/ApplicationServices
0x000000000a94c000 	/usr/lib/libz.1.dylib
0x000000000a94c000 	/usr/lib/libSystem.B.dylib
0x000000000a94c000 	/usr/lib/libobjc.A.dylib
0x000000000a94c000 	/System/Library/Frameworks/CoreFoundation.framework/Versions/A/CoreFoundation
0x000000000a94c000 	/System/Library/Frameworks/Foundation.framework/Versions/C/Foundation
0x000000000a94c000 	/System/Library/Frameworks/AppKit.framework/Versions/C/AppKit
0x000000000a94c000 	/System/Library/Frameworks/CoreData.framework/Versions/A/CoreData
0x000000000a94c000 	/System/Library/PrivateFrameworks/RemoteViewServices.framework/Versions/A/RemoteViewServices
0x000000000a94c000 	/System/Library/PrivateFrameworks/UIFoundation.framework/Versions/A/UIFoundation
0x000000000a94c000 	/System/Library/Frameworks/IOSurface.framework/Versions/A/IOSurface
0x000000000a94c000 	/System/Library/Frameworks/AudioToolbox.framework/Versions/A/AudioToolbox
0x000000000a94c000 	/System/Library/Frameworks/AudioUnit.framework/Versions/A/AudioUnit
0x000000000a94c000 	/System/Library/PrivateFrameworks/DataDetectorsCore.framework/Versions/A/DataDetectorsCore
0x000000000a94c000 	/System/Library/PrivateFrameworks/DesktopServicesPriv.framework/Versions/A/DesktopServicesPriv
0x000000000a94c000 	/System/Library/Frameworks/Carbon.framework/Versions/A/Frameworks/HIToolbox.framework/Versions/A/HIToolbox
0x000000000a94c000 	/System/Library/Frameworks/QuartzCore.framework/Versions/A/QuartzCore
0x000000000a94c000 	/System/Library/Frameworks/Carbon.framework/Versions/A/Frameworks/SpeechRecognition.framework/Versions/A/SpeechRecognition
0x000000000a94c000 	/usr/lib/libauto.dylib
0x000000000a94c000 	/usr/lib/libicucore.A.dylib
0x000000000a94c000 	/usr/lib/libxml2.2.dylib
0x000000000a94c000 	/System/Library/PrivateFrameworks/CoreUI.framework/Versions/A/CoreUI
0x000000000a94c000 	/System/Library/Frameworks/CoreAudio.framework/Versions/A/CoreAudio
0x000000000a94c000 	/System/Library/Frameworks/DiskArbitration.framework/Versions/A/DiskArbitration
0x000000000a94c000 	/usr/lib/liblangid.dylib
0x000000000a94c000 	/System/Library/PrivateFrameworks/MultitouchSupport.framework/Versions/A/MultitouchSupport
0x000000000a94c000 	/System/Library/Frameworks/IOKit.framework/Versions/A/IOKit
0x000000000a94c000 	/usr/lib/libDiagnosticMessagesClient.dylib
0x000000000a94c000 	/System/Library/Frameworks/CoreServices.framework/Versions/A/CoreServices
0x000000000a94c000 	/System/Library/PrivateFrameworks/PerformanceAnalysis.framework/Versions/A/PerformanceAnalysis
0x000000000a94c000 	/System/Library/PrivateFrameworks/GenerationalStorage.framework/Versions/A/GenerationalStorage
0x000000000a94c000 	/System/Library/Frameworks/OpenGL.framework/Versions/A/OpenGL
0x000000000a94c000 	/System/Library/PrivateFrameworks/Sharing.framework/Versions/A/Sharing
0x000000000a94c000 	/System/Library/Frameworks/CoreGraphics.framework/Versions/A/CoreGraphics
0x000000000a94c000 	/System/Library/Frameworks/CoreText.framework/Versions/A/CoreText
0x000000000a94c000 	/System/Library/Frameworks/ImageIO.framework/Versions/A/ImageIO
0x000000000a94c000 	/usr/lib/libextension.dylib
0x000000000a94c000 	/System/Library/PrivateFrameworks/Backup.framework/Versions/A/Backup
0x000000000a94c000 	/usr/lib/libarchive.2.dylib
0x000000000a94c000 	/System/Library/Frameworks/CFNetwork.framework/Versions/A/CFNetwork
0x000000000a94c000 	/System/Library/Frameworks/SystemConfiguration.framework/Versions/A/SystemConfiguration
0x000000000a94c000 	/usr/lib/libCRFSuite.dylib
0x000000000a94c000 	/usr/lib/libc++.1.dylib
0x000000000a94c000 	/usr/lib/libc++abi.dylib
0x000000000a94c000 	/usr/lib/system/libcache.dylib
0x000000000a94c000 	/usr/lib/system/libcommonCrypto.dylib
0x000000000a94c000 	/usr/lib/system/libcompiler_rt.dylib
0x000000000a94c000 	/usr/lib/system/libcopyfile.dylib
0x000000000a94c000 	/usr/lib/system/libcorecrypto.dylib
0x000000000a94c000 	/usr/lib/system/libdispatch.dylib
0x000000000a94c000 	/usr/lib/system/libdyld.dylib
0x000000000a94c000 	/usr/lib/system/libkeymgr.dylib
0x000000000a94c000 	/usr/lib/system/liblaunch.dylib
0x000000000a94c000 	/usr/lib/system/libmacho.dylib
0x000000000a94c000 	/usr/lib/system/libquarantine.dylib
0x000000000a94c000 	/usr/lib/system/libremovefile.dylib
0x000000000a94c000 	/usr/lib/system/libsystem_asl.dylib
0x000000000a94c000 	/usr/lib/system/libsystem_blocks.dylib
0x000000000a94c000 	/usr/lib/system/libsystem_c.dylib
0x000000000a94c000 	/usr/lib/system/libsystem_configuration.dylib
0x000000000a94c000 	/usr/lib/system/libsystem_coreservices.dylib
0x000000000a94c000 	/usr/lib/system/libsystem_coretls.dylib
0x000000000a94c000 	/usr/lib/system/libsystem_dnssd.dylib
0x000000000a94c000 	/usr/lib/system/libsystem_info.dylib
0x000000000a94c000 	/usr/lib/system/libsystem_kernel.dylib
0x000000000a94c000 	/usr/lib/system/libsystem_m.dylib
0x000000000a94c000 	/usr/lib/system/libsystem_malloc.dylib
0x000000000a94c000 	/usr/lib/system/libsystem_network.dylib
0x000000000a94c000 	/usr/lib/system/libsystem_networkextension.dylib
0x000000000a94c000 	/usr/lib/system/libsystem_notify.dylib
0x000000000a94c000 	/usr/lib/system/libsystem_platform.dylib
0x000000000a94c000 	/usr/lib/system/libsystem_pthread.dylib
0x000000000a94c000 	/usr/lib/system/libsystem_sandbox.dylib
0x000000000a94c000 	/usr/lib/system/libsystem_secinit.dylib
0x000000000a94c000 	/usr/lib/system/libsystem_stats.dylib
0x000000000a94c000 	/usr/lib/system/libsystem_trace.dylib
0x000000000a94c000 	/usr/lib/system/libunc.dylib
0x000000000a94c000 	/usr/lib/system/libunwind.dylib
0x000000000a94c000 	/usr/lib/system/libxpc.dylib
0x000000000a94c000 	/usr/lib/libbz2.1.0.dylib
0x000000000a94c000 	/usr/lib/liblzma.5.dylib
0x000000000a94c000 	/usr/lib/libbsm.0.dylib
0x000000000a94c000 	/usr/lib/libsqlite3.dylib
0x000000000a94c000 	/usr/lib/system/libkxld.dylib
0x000000000a94c000 	/usr/lib/libxar.1.dylib
0x000000000a94c000 	/usr/lib/libpam.2.dylib
0x000000000a94c000 	/usr/lib/libOpenScriptingUtil.dylib
0x000000000a94c000 	/System/Library/Frameworks/CoreServices.framework/Versions/A/Frameworks/FSEvents.framework/Versions/A/FSEvents
0x000000000a94c000 	/System/Library/Frameworks/CoreServices.framework/Versions/A/Frameworks/CarbonCore.framework/Versions/A/CarbonCore
0x000000000a94c000 	/System/Library/Frameworks/CoreServices.framework/Versions/A/Frameworks/Metadata.framework/Versions/A/Metadata
0x000000000a94c000 	/System/Library/Frameworks/CoreServices.framework/Versions/A/Frameworks/OSServices.framework/Versions/A/OSServices
0x000000000a94c000 	/System/Library/Frameworks/CoreServices.framework/Versions/A/Frameworks/SearchKit.framework/Versions/A/SearchKit
0x000000000a94c000 	/System/Library/Frameworks/CoreServices.framework/Versions/A/Frameworks/AE.framework/Versions/A/AE
0x000000000a94c000 	/System/Library/Frameworks/CoreServices.framework/Versions/A/Frameworks/LaunchServices.framework/Versions/A/LaunchServices
0x000000000a94c000 	/System/Library/Frameworks/CoreServices.framework/Versions/A/Frameworks/DictionaryServices.framework/Versions/A/DictionaryServices
0x000000000a94c000 	/System/Library/Frameworks/NetFS.framework/Versions/A/NetFS
0x000000000a94c000 	/System/Library/PrivateFrameworks/NetAuth.framework/Versions/A/NetAuth
0x000000000a94c000 	/System/Library/PrivateFrameworks/login.framework/Versions/A/Frameworks/loginsupport.framework/Versions/A/loginsupport
0x000000000a94c000 	/System/Library/PrivateFrameworks/TCC.framework/Versions/A/TCC
0x000000000a94c000 	/usr/lib/libmecabra.dylib
0x000000000a94c000 	/System/Library/PrivateFrameworks/LanguageModeling.framework/Versions/A/LanguageModeling
0x000000000a94c000 	/usr/lib/libcmph.dylib
0x000000000a94c000 	/usr/lib/libiconv.2.dylib
0x000000000a94c000 	/System/Library/Frameworks/OpenDirectory.framework/Versions/A/Frameworks/CFOpenDirectory.framework/Versions/A/CFOpenDirectory
0x000000000a94c000 	/System/Library/Frameworks/ServiceManagement.framework/Versions/A/ServiceManagement
0x000000000a94c000 	/usr/lib/libxslt.1.dylib
0x000000000a94c000 	/System/Library/Frameworks/Carbon.framework/Versions/A/Frameworks/Ink.framework/Versions/A/Ink
0x000000000a94c000 	/System/Library/Frameworks/ApplicationServices.framework/Versions/A/Frameworks/ATS.framework/Versions/A/ATS
0x000000000a94c000 	/System/Library/Frameworks/ApplicationServices.framework/Versions/A/Frameworks/ColorSync.framework/Versions/A/ColorSync
0x000000000a94c000 	/System/Library/Frameworks/ApplicationServices.framework/Versions/A/Frameworks/HIServices.framework/Versions/A/HIServices
0x000000000a94c000 	/System/Library/Frameworks/ApplicationServices.framework/Versions/A/Frameworks/LangAnalysis.framework/Versions/A/LangAnalysis
0x000000000a94c000 	/System/Library/Frameworks/ApplicationServices.framework/Versions/A/Frameworks/PrintCore.framework/Versions/A/PrintCore
0x000000000a94c000 	/System/Library/Frameworks/ApplicationServices.framework/Versions/A/Frameworks/QD.framework/Versions/A/QD
0x000000000a94c000 	/System/Library/Frameworks/ApplicationServices.framework/Versions/A/Frameworks/SpeechSynthesis.framework/Versions/A/SpeechSynthesis
0x000000000a94c000 	/System/Library/Frameworks/Accelerate.framework/Versions/A/Accelerate
0x000000000a94c000 	/System/Library/Frameworks/Accelerate.framework/Versions/A/Frameworks/vImage.framework/Versions/A/vImage
0x000000000a94c000 	/System/Library/Frameworks/Accelerate.framework/Versions/A/Frameworks/vecLib.framework/Versions/A/vecLib
0x000000000a94c000 	/System/Library/Frameworks/Accelerate.framework/Versions/A/Frameworks/vecLib.framework/Versions/A/libvDSP.dylib
0x000000000a94c000 	/System/Library/Frameworks/Accelerate.framework/Versions/A/Frameworks/vecLib.framework/Versions/A/libvMisc.dylib
0x000000000a94c000 	/System/Library/Frameworks/Accelerate.framework/Versions/A/Frameworks/vecLib.framework/Versions/A/libLAPACK.dylib
0x000000000a94c000 	/System/Library/Frameworks/Accelerate.framework/Versions/A/Frameworks/vecLib.framework/Versions/A/libBLAS.dylib
0x000000000a94c000 	/System/Library/Frameworks/Accelerate.framework/Versions/A/Frameworks/vecLib.framework/Versions/A/libLinearAlgebra.dylib
0x000000000a94c000 	/System/Library/Frameworks/ApplicationServices.framework/Versions/A/Frameworks/ATS.framework/Versions/A/Resources/libFontParser.dylib
0x000000000a94c000 	/System/Library/Frameworks/ApplicationServices.framework/Versions/A/Frameworks/ATS.framework/Versions/A/Resources/libFontRegistry.dylib
0x000000000a94c000 	/System/Library/PrivateFrameworks/AppleVPA.framework/Versions/A/AppleVPA
0x000000000a94c000 	/System/Library/PrivateFrameworks/AppleJPEG.framework/Versions/A/AppleJPEG
0x000000000a94c000 	/System/Library/Frameworks/ImageIO.framework/Versions/A/Resources/libJPEG.dylib
0x000000000a94c000 	/System/Library/Frameworks/ImageIO.framework/Versions/A/Resources/libTIFF.dylib
0x000000000a94c000 	/System/Library/Frameworks/ImageIO.framework/Versions/A/Resources/libPng.dylib
0x000000000a94c000 	/System/Library/Frameworks/ImageIO.framework/Versions/A/Resources/libGIF.dylib
0x000000000a94c000 	/System/Library/Frameworks/ImageIO.framework/Versions/A/Resources/libJP2.dylib
0x000000000a94c000 	/System/Library/Frameworks/ImageIO.framework/Versions/A/Resources/libRadiance.dylib
0x000000000a94c000 	/System/Library/Frameworks/CoreVideo.framework/Versions/A/CoreVideo
0x000000000a94c000 	/System/Library/Frameworks/OpenGL.framework/Versions/A/Libraries/libGLU.dylib
0x000000000a94c000 	/System/Library/Frameworks/OpenGL.framework/Versions/A/Libraries/libGFXShared.dylib
0x000000000a94c000 	/System/Library/Frameworks/OpenGL.framework/Versions/A/Libraries/libGL.dylib
0x000000000a94c000 	/System/Library/Frameworks/OpenGL.framework/Versions/A/Libraries/libGLImage.dylib
0x000000000a94c000 	/System/Library/Frameworks/OpenGL.framework/Versions/A/Libraries/libCVMSPluginSupport.dylib
0x000000000a94c000 	/System/Library/Frameworks/OpenGL.framework/Versions/A/Libraries/libCoreVMClient.dylib
0x000000000a94c000 	/usr/lib/libcups.2.dylib
0x000000000a94c000 	/System/Library/Frameworks/Kerberos.framework/Versions/A/Kerberos
0x000000000a94c000 	/System/Library/Frameworks/GSS.framework/Versions/A/GSS
0x000000000a94c000 	/usr/lib/libresolv.9.dylib
0x000000000a94c000 	/System/Library/PrivateFrameworks/Heimdal.framework/Versions/A/Heimdal
0x000000000a94c000 	/usr/lib/libheimdal-asn1.dylib
0x000000000a94c000 	/System/Library/Frameworks/OpenDirectory.framework/Versions/A/OpenDirectory
0x000000000a94c000 	/System/Library/PrivateFrameworks/CommonAuth.framework/Versions/A/CommonAuth
0x000000000a94c000 	/System/Library/Frameworks/SecurityFoundation.framework/Versions/A/SecurityFoundation
0x000000000a94c000 	/System/Library/Frameworks/QuartzCore.framework/Versions/A/Frameworks/CoreImage.framework/Versions/A/CoreImage
0x000000000a94c000 	/System/Library/PrivateFrameworks/CrashReporterSupport.framework/Versions/A/CrashReporterSupport
0x000000000a94c000 	/System/Library/Frameworks/OpenCL.framework/Versions/A/OpenCL
0x000000000a94c000 	/System/Library/PrivateFrameworks/FaceCore.framework/Versions/A/FaceCore
0x000000000a94c000 	/System/Library/PrivateFrameworks/Ubiquity.framework/Versions/A/Ubiquity
0x000000000a94c000 	/System/Library/PrivateFrameworks/IconServices.framework/Versions/A/IconServices
0x000000000a94c000 	/System/Library/PrivateFrameworks/ChunkingLibrary.framework/Versions/A/ChunkingLibrary
0x000000000a94c000 	/System/Library/PrivateFrameworks/Apple80211.framework/Versions/A/Apple80211
0x000000000a94c000 	/System/Library/Frameworks/CoreWLAN.framework/Versions/A/CoreWLAN
0x000000000a94c000 	/System/Library/Frameworks/IOBluetooth.framework/Versions/A/IOBluetooth
0x000000000a94c000 	/System/Library/PrivateFrameworks/CoreWiFi.framework/Versions/A/CoreWiFi
0x000000000a94c000 	/System/Library/Frameworks/CoreBluetooth.framework/Versions/A/CoreBluetooth
0x000000000a94c000 	/System/Library/PrivateFrameworks/DebugSymbols.framework/Versions/A/DebugSymbols
0x000000000a94c000 	/System/Library/PrivateFrameworks/CoreSymbolication.framework/Versions/A/CoreSymbolication
0x000000000a94c000 	/System/Library/PrivateFrameworks/Symbolication.framework/Versions/A/Symbolication
0x000000000a94c000 	/System/Library/PrivateFrameworks/SpeechRecognitionCore.framework/Versions/A/SpeechRecognitionCore
0x0000000103400000 	/Library/Java/JavaVirtualMachines/jdk1.8.0_20.jdk/Contents/Home/jre/lib/server/libjvm.dylib
0x000000000a94c000 	/usr/lib/libstdc++.6.dylib
0x0000000102b1f000 	/Library/Java/JavaVirtualMachines/jdk1.8.0_20.jdk/Contents/Home/jre/lib/libverify.dylib
0x0000000102b2d000 	/Library/Java/JavaVirtualMachines/jdk1.8.0_20.jdk/Contents/Home/jre/lib/libjava.dylib
0x0000000102b6b000 	/Library/Java/JavaVirtualMachines/jdk1.8.0_20.jdk/Contents/Home/jre/lib/libzip.dylib
0x000000011913c000 	/System/Library/Frameworks/JavaVM.framework/Frameworks/JavaRuntimeSupport.framework/JavaRuntimeSupport
0x0000000119154000 	/System/Library/Frameworks/JavaVM.framework/Versions/A/Frameworks/JavaNativeFoundation.framework/Versions/A/JavaNativeFoundation
0x0000000102bed000 	/System/Library/Frameworks/JavaVM.framework/Versions/A/JavaVM
0x000000000a94c000 	/System/Library/Frameworks/Carbon.framework/Versions/A/Carbon
0x0000000119169000 	/System/Library/PrivateFrameworks/JavaLaunching.framework/Versions/A/JavaLaunching
0x000000000a94c000 	/System/Library/Frameworks/Carbon.framework/Versions/A/Frameworks/CommonPanels.framework/Versions/A/CommonPanels
0x000000000a94c000 	/System/Library/Frameworks/Carbon.framework/Versions/A/Frameworks/Help.framework/Versions/A/Help
0x000000000a94c000 	/System/Library/Frameworks/Carbon.framework/Versions/A/Frameworks/ImageCapture.framework/Versions/A/ImageCapture
0x000000000a94c000 	/System/Library/Frameworks/Carbon.framework/Versions/A/Frameworks/OpenScripting.framework/Versions/A/OpenScripting
0x000000000a94c000 	/System/Library/Frameworks/Carbon.framework/Versions/A/Frameworks/Print.framework/Versions/A/Print
0x000000000a94c000 	/System/Library/Frameworks/Carbon.framework/Versions/A/Frameworks/SecurityHI.framework/Versions/A/SecurityHI
0x000000011b1fb000 	/Library/Java/JavaVirtualMachines/jdk1.8.0_20.jdk/Contents/Home/jre/lib/libmanagement.dylib
0x000000011b208000 	/Library/Java/JavaVirtualMachines/jdk1.8.0_20.jdk/Contents/Home/jre/lib/libnet.dylib
0x000000011b21f000 	/Library/Java/JavaVirtualMachines/jdk1.8.0_20.jdk/Contents/Home/jre/lib/libnio.dylib

VM Arguments:
java_command: ../target/server-0.0.1-SNAPSHOT.jar server ../config/server_B_config.yml
java_class_path (initial): ../target/server-0.0.1-SNAPSHOT.jar
Launcher Type: SUN_STANDARD

Environment Variables:
JAVA_HOME=/Library/Java/JavaVirtualMachines/jdk1.8.0_20.jdk/Contents/Home
PATH=/Users/gauravbajaj/anaconda/bin:/Library/spark-1.1.0/bin:/Library/MongoDB/bin:/Library/Java/JavaVirtualMachines/jdk1.8.0_20.jdk/Contents/Home/bin:/Library/Gradle/bin:/Library/Scala/bin:/usr/local/bin:/usr/bin:/bin:/usr/sbin:/sbin:/usr/local/git/bin
SHELL=/bin/bash

Signal Handlers:
SIGSEGV: [libjvm.dylib+0x578fd7], sa_mask[0]=11111111011111110111111111111111, sa_flags=SA_ONSTACK|SA_RESTART|SA_SIGINFO
SIGBUS: [libjvm.dylib+0x578fd7], sa_mask[0]=11111111011111110111111111111111, sa_flags=SA_RESTART|SA_SIGINFO
SIGFPE: [libjvm.dylib+0x45ab0c], sa_mask[0]=11111111011111110111111111111111, sa_flags=SA_RESTART|SA_SIGINFO
SIGPIPE: [libjvm.dylib+0x45ab0c], sa_mask[0]=11111111011111110111111111111111, sa_flags=SA_RESTART|SA_SIGINFO
SIGXFSZ: [libjvm.dylib+0x45ab0c], sa_mask[0]=11111111011111110111111111111111, sa_flags=SA_RESTART|SA_SIGINFO
SIGILL: [libjvm.dylib+0x45ab0c], sa_mask[0]=11111111011111110111111111111111, sa_flags=SA_RESTART|SA_SIGINFO
SIGUSR1: SIG_DFL, sa_mask[0]=11011111011111100000000111000110, sa_flags=none
SIGUSR2: [libjvm.dylib+0x45a62a], sa_mask[0]=00000000000000000000000000000000, sa_flags=SA_RESTART|SA_SIGINFO
SIGHUP: [libjvm.dylib+0x458bfd], sa_mask[0]=11111111011111110111111111111111, sa_flags=SA_RESTART|SA_SIGINFO
SIGINT: [libjvm.dylib+0x458bfd], sa_mask[0]=11111111011111110111111111111111, sa_flags=SA_RESTART|SA_SIGINFO
SIGTERM: [libjvm.dylib+0x458bfd], sa_mask[0]=11111111011111110111111111111111, sa_flags=SA_RESTART|SA_SIGINFO
SIGQUIT: [libjvm.dylib+0x458bfd], sa_mask[0]=11111111011111110111111111111111, sa_flags=SA_RESTART|SA_SIGINFO


---------------  S Y S T E M  ---------------

OS:Bsduname:Darwin 14.0.0 Darwin Kernel Version 14.0.0: Fri Sep 19 00:26:44 PDT 2014; root:xnu-2782.1.97~2/RELEASE_X86_64 x86_64
rlimit: STACK 8192k, CORE 0k, NPROC 709, NOFILE 10240, AS infinity
load average:2.08 1.82 1.68

CPU:total 4 (2 cores per cpu, 2 threads per core) family 6 model 58 stepping 9, cmov, cx8, fxsr, mmx, sse, sse2, sse3, ssse3, sse4.1, sse4.2, popcnt, avx, aes, clmul, erms, ht, tsc, tscinvbit, tscinv

Memory: 4k page, physical 6291456k(860900k free)

/proc/meminfo:


vm_info: Java HotSpot(TM) 64-Bit Server VM (25.20-b23) for bsd-amd64 JRE (1.8.0_20-b26), built on Jul 30 2014 13:37:47 by "java_re" with gcc 4.2.1 (Based on Apple Inc. build 5658) (LLVM build 2336.9.00)

time: Sat Dec 20 11:18:16 2014
elapsed time: 865 seconds (0d 0h 14m 25s)

