#
# A fatal error has been detected by the Java Runtime Environment:
#
#  SIGBUS (0xa) at pc=0x00000001077dffd6, pid=1307, tid=12807
#
# JRE version: Java(TM) SE Runtime Environment (8.0_20-b26) (build 1.8.0_20-b26)
# Java VM: Java HotSpot(TM) 64-Bit Server VM (25.20-b23 mixed mode bsd-amd64 compressed oops)
# Problematic frame:
# C  [libzip.dylib+0x2fd6]  newEntry+0x154
#
# Failed to write core dump. Core dumps have been disabled. To enable core dumping, try "ulimit -c unlimited" before starting Java again
#
# If you would like to submit a bug report, please visit:
#   http://bugreport.sun.com/bugreport/crash.jsp
# The crash happened outside the Java Virtual Machine in native code.
# See problematic frame for where to report the bug.
#

---------------  T H R E A D  ---------------

Current thread (0x00007fd0f3069800):  JavaThread "Thread-3" [_thread_in_native, id=12807, stack(0x00000001224d6000,0x00000001225d6000)]

siginfo: si_signo: 10 (SIGBUS), si_code: 2 (BUS_ADRERR), si_addr: 0x000000011fcc1195

Registers:
RAX=0x00007fd0f2713ce0, RBX=0x000000011fcc1189, RCX=0x0000000000000001, RDX=0x0000000000000208
RSP=0x00000001225d3270, RBP=0x00000001225d32d0, RSI=0x00007fd0f4900000, RDI=0x000000010769ce00
R8 =0x0000000000000004, R9 =0x00000000fffff800, R10=0x000000000000000c, R11=0x00007fd0f4900000
R12=0x000000000000e6e0, R13=0x00007fd0f4085e00, R14=0x00007fd0f2713ce0, R15=0x00007fd0f4921fd0
RIP=0x00000001077dffd6, EFLAGS=0x0000000000010202, ERR=0x0000000000000004
  TRAPNO=0x000000000000000e

Top of Stack: (sp=0x00000001225d3270)
0x00000001225d3270:   00000000225d3440 00000000083a258b
0x00000001225d3280:   0000000000000000 00000000ffffffc2
0x00000001225d3290:   00000001225d32b0 00007fd0f2713ce0
0x00000001225d32a0:   00007fd0f4926a60 0000000077853bcc
0x00000001225d32b0:   000000000000e6e0 00007fd0f4085e00
0x00000001225d32c0:   00007fd0f2713ce0 00007fd0f4921fd0
0x00000001225d32d0:   00000001225d3320 00000001077e0644
0x00000001225d32e0:   0000000000000036 00000036f3069800
0x00000001225d32f0:   00000001225d333e 00000001225d3788
0x00000001225d3300:   0000000000000036 00000001225d333e
0x00000001225d3310:   00007fd0f2713ce0 00007fd0f30699e8
0x00000001225d3320:   00000001225d3770 00000001077df48f
0x00000001225d3330:   0000000000000001 726f000100000001
0x00000001225d3340:   7370696c63652f67 2f797474656a2f65
0x00000001225d3350:   7268742f6c697475 756575512f646165
0x00000001225d3360:   6461657268546465 632e31246c6f6f50
0x00000001225d3370:   000000007373616c 0000000000000000
0x00000001225d3380:   00000001225d33b0 000000010829d807
0x00000001225d3390:   000000011c840080 000000011c293ac8
0x00000001225d33a0:   000000011c83f440 00000007c0048f18
0x00000001225d33b0:   00000001225d33e0 000000010829d9e2
0x00000001225d33c0:   0000000000000000 00000007c0048f18
0x00000001225d33d0:   0000003000000010 00000001225d39b0
0x00000001225d33e0:   00000001225d38d0 00000001083a1852
0x00000001225d33f0:   0000000100000000 00007fd0f3069800
0x00000001225d3400:   000000011c293b00 00007fd0f49250e0
0x00000001225d3410:   00000007a0e280d0 00000007a0e280f0
0x00000001225d3420:   00000007a0e28140 00000007a0e281d0
0x00000001225d3430:   000000010000000f 00000001083a206a
0x00000001225d3440:   00007fd0f3069800 00000001083a25eb
0x00000001225d3450:   00007fd0f25323d0 00007fd0f269ae40
0x00000001225d3460:   00007fd0f269ae50 00007fd0f269b228 

Instructions: (pc=0x00000001077dffd6)
0x00000001077dffb6:   49 8b 7f 38 e8 a5 1a 00 00 4d 89 77 38 49 89 5f
0x00000001077dffc6:   40 4c 89 f0 48 85 c0 0f 84 16 05 00 00 48 89 c3
0x00000001077dffd6:   0f b6 43 0c 0f b6 4b 0d 48 c1 e1 08 48 01 c1 0f
0x00000001077dffe6:   b6 43 0e 0f b6 53 0f 48 c1 e2 08 48 01 c2 48 c1 

Register to memory mapping:

RAX=0x00007fd0f2713ce0 is an unknown value
RBX=0x000000011fcc1189 is an unknown value
RCX=0x0000000000000001 is an unknown value
RDX=0x0000000000000208 is an unknown value
RSP=0x00000001225d3270 is pointing into the stack for thread: 0x00007fd0f3069800
RBP=0x00000001225d32d0 is pointing into the stack for thread: 0x00007fd0f3069800
RSI=0x00007fd0f4900000 is an unknown value
RDI=0x000000010769ce00 is an unknown value
R8 =0x0000000000000004 is an unknown value
R9 =0x00000000fffff800 is an unknown value
R10=0x000000000000000c is an unknown value
R11=0x00007fd0f4900000 is an unknown value
R12=0x000000000000e6e0 is an unknown value
R13=0x00007fd0f4085e00 is an unknown value
R14=0x00007fd0f2713ce0 is an unknown value
R15=0x00007fd0f4921fd0 is an unknown value


Stack: [0x00000001224d6000,0x00000001225d6000],  sp=0x00000001225d3270,  free space=1012k
Native frames: (J=compiled Java code, j=interpreted, Vv=VM code, C=native code)
C  [libzip.dylib+0x2fd6]  newEntry+0x154
C  [libzip.dylib+0x3644]  ZIP_GetEntry+0xa2
C  [libzip.dylib+0x248f]  Java_java_util_zip_ZipFile_getEntry+0xdd
J 109  java.util.zip.ZipFile.getEntry(J[BZ)J (0 bytes) @ 0x000000010918e3ce [0x000000010918e300+0xce]
J 1068 C2 sun.misc.URLClassPath$JarLoader.getResource(Ljava/lang/String;Z)Lsun/misc/Resource; (85 bytes) @ 0x00000001093ff35c [0x00000001093feec0+0x49c]

Java frames: (J=compiled Java code, j=interpreted, Vv=VM code)
J 109  java.util.zip.ZipFile.getEntry(J[BZ)J (0 bytes) @ 0x000000010918e358 [0x000000010918e300+0x58]
J 1068 C2 sun.misc.URLClassPath$JarLoader.getResource(Ljava/lang/String;Z)Lsun/misc/Resource; (85 bytes) @ 0x00000001093ff35c [0x00000001093feec0+0x49c]
J 510 C2 sun.misc.URLClassPath.getResource(Ljava/lang/String;Z)Lsun/misc/Resource; (74 bytes) @ 0x000000010929fd70 [0x000000010929fd00+0x70]
J 261 C1 java.net.URLClassLoader$1.run()Ljava/lang/Class; (73 bytes) @ 0x00000001091dc97c [0x00000001091dc760+0x21c]
J 260 C1 java.net.URLClassLoader$1.run()Ljava/lang/Object; (5 bytes) @ 0x00000001091dc3cc [0x00000001091dc340+0x8c]
v  ~StubRoutines::call_stub
J 259  java.security.AccessController.doPrivileged(Ljava/security/PrivilegedExceptionAction;Ljava/security/AccessControlContext;)Ljava/lang/Object; (0 bytes) @ 0x00000001091d8ca3 [0x00000001091d8c40+0x63]
J 257 C1 java.net.URLClassLoader.findClass(Ljava/lang/String;)Ljava/lang/Class; (29 bytes) @ 0x00000001091db86c [0x00000001091db6e0+0x18c]
J 177 C1 java.lang.ClassLoader.loadClass(Ljava/lang/String;Z)Ljava/lang/Class; (122 bytes) @ 0x00000001091b2fa4 [0x00000001091b2640+0x964]
J 307 C1 sun.misc.Launcher$AppClassLoader.loadClass(Ljava/lang/String;Z)Ljava/lang/Class; (40 bytes) @ 0x0000000109202df4 [0x00000001092029c0+0x434]
J 233 C1 java.lang.ClassLoader.loadClass(Ljava/lang/String;)Ljava/lang/Class; (7 bytes) @ 0x00000001091d2b44 [0x00000001091d2a40+0x104]
v  ~StubRoutines::call_stub
j  org.eclipse.jetty.util.thread.QueuedThreadPool.doStop()V+50
j  org.eclipse.jetty.util.component.AbstractLifeCycle.stop()V+30
j  org.eclipse.jetty.util.component.AggregateLifeCycle.doStop()V+89
j  org.eclipse.jetty.server.AbstractConnector.doStop()V+18
j  org.eclipse.jetty.server.bio.SocketConnector.doStop()V+1
j  org.eclipse.jetty.util.component.AbstractLifeCycle.stop()V+30
j  org.eclipse.jetty.server.Server.doStop()V+183
j  org.eclipse.jetty.util.component.AbstractLifeCycle.stop()V+30
j  org.eclipse.jetty.util.thread.ShutdownThread.run()V+41
v  ~StubRoutines::call_stub

---------------  P R O C E S S  ---------------

Java Threads: ( => current thread )
=>0x00007fd0f3069800 JavaThread "Thread-3" [_thread_in_native, id=12807, stack(0x00000001224d6000,0x00000001225d6000)]
  0x00007fd0f314a800 JavaThread "SIGINT handler" daemon [_thread_blocked, id=12299, stack(0x000000011fd30000,0x000000011fe30000)]
  0x00007fd0f440b000 JavaThread "DestroyJavaVM" [_thread_blocked, id=4867, stack(0x0000000108f1c000,0x000000010901c000)]
  0x00007fd0f323a800 JavaThread "qtp1182908789-33" [_thread_blocked, id=29443, stack(0x00000001223d3000,0x00000001224d3000)]
  0x00007fd0f323f000 JavaThread "qtp1182908789-32" [_thread_blocked, id=28931, stack(0x00000001222d0000,0x00000001223d0000)]
  0x00007fd0f323e000 JavaThread "qtp1182908789-31" [_thread_blocked, id=28419, stack(0x00000001221cd000,0x00000001222cd000)]
  0x00007fd0f39c7000 JavaThread "qtp1182908789-30" [_thread_blocked, id=27907, stack(0x00000001220ca000,0x00000001221ca000)]
  0x00007fd0f39c6800 JavaThread "qtp1182908789-29" [_thread_blocked, id=27395, stack(0x0000000121fc7000,0x00000001220c7000)]
  0x00007fd0f38ec000 JavaThread "qtp1182908789-28" [_thread_blocked, id=26883, stack(0x0000000121ec4000,0x0000000121fc4000)]
  0x00007fd0f38eb000 JavaThread "qtp1182908789-27" [_thread_blocked, id=26371, stack(0x0000000121dc1000,0x0000000121ec1000)]
  0x00007fd0f39d4000 JavaThread "qtp1182908789-26" [_thread_blocked, id=25859, stack(0x0000000120600000,0x0000000120700000)]
  0x00007fd0f39d3800 JavaThread "qtp1529115495-25" [_thread_blocked, id=25347, stack(0x0000000121ac2000,0x0000000121bc2000)]
  0x00007fd0f3a7e800 JavaThread "qtp1529115495-24" [_thread_blocked, id=24835, stack(0x00000001219bf000,0x0000000121abf000)]
  0x00007fd0f2918800 JavaThread "qtp1529115495-23" [_thread_blocked, id=24323, stack(0x00000001218bc000,0x00000001219bc000)]
  0x00007fd0f3a7e000 JavaThread "qtp1529115495-22" [_thread_blocked, id=23811, stack(0x00000001217b9000,0x00000001218b9000)]
  0x00007fd0f39b5000 JavaThread "qtp1529115495-21" [_thread_blocked, id=23299, stack(0x00000001216b6000,0x00000001217b6000)]
  0x00007fd0f38e0000 JavaThread "qtp1529115495-20" [_thread_blocked, id=22787, stack(0x00000001215b3000,0x00000001216b3000)]
  0x00007fd0f4255000 JavaThread "qtp1529115495-19" [_thread_blocked, id=22275, stack(0x00000001214b0000,0x00000001215b0000)]
  0x00007fd0f4258800 JavaThread "qtp1529115495-18" [_thread_blocked, id=21763, stack(0x00000001213ad000,0x00000001214ad000)]
  0x00007fd0f4077000 JavaThread "async-request-log-dispatcher-1" daemon [_thread_blocked, id=21251, stack(0x00000001212aa000,0x00000001213aa000)]
  0x00007fd0f28e3800 JavaThread "metrics-meter-tick-thread-2" daemon [_thread_blocked, id=20739, stack(0x0000000120aff000,0x0000000120bff000)]
  0x00007fd0f31dd800 JavaThread "metrics-meter-tick-thread-1" daemon [_thread_blocked, id=20227, stack(0x00000001209fc000,0x0000000120afc000)]
  0x00007fd0f38f4000 JavaThread "async-log-appender-1" daemon [_thread_blocked, id=19715, stack(0x000000012072b000,0x000000012082b000)]
  0x00007fd0f28df800 JavaThread "async-log-appender-0" daemon [_thread_blocked, id=19203, stack(0x000000012046f000,0x000000012056f000)]
  0x00007fd0f402d000 JavaThread "Service Thread" daemon [_thread_blocked, id=18179, stack(0x000000011fa23000,0x000000011fb23000)]
  0x00007fd0f3055800 JavaThread "C1 CompilerThread2" daemon [_thread_blocked, id=17667, stack(0x000000011f920000,0x000000011fa20000)]
  0x00007fd0f3055000 JavaThread "C2 CompilerThread1" daemon [_thread_blocked, id=17155, stack(0x000000011f81d000,0x000000011f91d000)]
  0x00007fd0f3053000 JavaThread "C2 CompilerThread0" daemon [_thread_blocked, id=16643, stack(0x000000011f71a000,0x000000011f81a000)]
  0x00007fd0f3067000 JavaThread "Signal Dispatcher" daemon [_thread_blocked, id=13331, stack(0x000000011f617000,0x000000011f717000)]
  0x00007fd0f303f800 JavaThread "Finalizer" daemon [_thread_blocked, id=11523, stack(0x000000011dce7000,0x000000011dde7000)]
  0x00007fd0f303e800 JavaThread "Reference Handler" daemon [_thread_blocked, id=11011, stack(0x000000011dbe4000,0x000000011dce4000)]

Other Threads:
  0x00007fd0f303a000 VMThread [stack: 0x000000011dae1000,0x000000011dbe1000] [id=10499]
  0x00007fd0f402d800 WatcherThread [stack: 0x000000011fb26000,0x000000011fc26000] [id=18691]

VM state:not at safepoint (normal execution)

VM Mutex/Monitor currently owned by a thread: None

Heap:
 PSYoungGen      total 28672K, used 18820K [0x00000007a0000000, 0x00000007a3800000, 0x00000007c0000000)
  eden space 24576K, 59% used [0x00000007a0000000,0x00000007a0e61420,0x00000007a1800000)
  from space 4096K, 99% used [0x00000007a1800000,0x00000007a1bffce8,0x00000007a1c00000)
  to   space 4096K, 0% used [0x00000007a3400000,0x00000007a3400000,0x00000007a3800000)
 ParOldGen       total 65536K, used 4201K [0x0000000760000000, 0x0000000764000000, 0x00000007a0000000)
  object space 65536K, 6% used [0x0000000760000000,0x000000076041a660,0x0000000764000000)
 Metaspace       used 19484K, capacity 19702K, committed 20096K, reserved 1067008K
  class space    used 2502K, capacity 2571K, committed 2688K, reserved 1048576K

Card table byte_map: [0x0000000118412000,0x0000000118713000] byte_map_base: 0x0000000114912000

Marking Bits: (ParMarkBitMap*) 0x000000010889c330
 Begin Bits: [0x0000000118d1f000, 0x000000011a51f000)
 End Bits:   [0x000000011a51f000, 0x000000011bd1f000)

Polling page: 0x00000001077d3000

CodeCache: size=245760Kb used=4971Kb max_used=4985Kb free=240788Kb
 bounds [0x0000000109052000, 0x0000000109542000, 0x0000000118052000]
 total_blobs=2004 nmethods=1597 adapters=321
 compilation: enabled

Compilation events (10 events):
Event: 858.018 Thread 0x00007fd0f3055800 1623       3       java.util.logging.LogManager$LoggerContext::ensureDefaultLogger (70 bytes)
Event: 858.019 Thread 0x00007fd0f3055800 nmethod 1623 0x00000001091849d0 code [0x0000000109184ba0, 0x0000000109185448]
Event: 858.019 Thread 0x00007fd0f3055800 1625       3       java.util.concurrent.locks.ReentrantReadWriteLock$Sync::exclusiveCount (5 bytes)
Event: 858.019 Thread 0x00007fd0f3055800 nmethod 1625 0x0000000109182d90 code [0x0000000109182ee0, 0x0000000109183010]
Event: 858.020 Thread 0x00007fd0f3055800 1626       3       javax.management.ObjectName::getDomain (13 bytes)
Event: 858.020 Thread 0x00007fd0f3055800 nmethod 1626 0x0000000109186150 code [0x00000001091862c0, 0x00000001091864e8]
Event: 858.020 Thread 0x00007fd0f3055800 1624       3       sun.misc.Unsafe::getAndAddInt (27 bytes)
Event: 858.020 Thread 0x00007fd0f3055800 nmethod 1624 0x0000000109184590 code [0x0000000109184700, 0x0000000109184910]
Event: 858.020 Thread 0x00007fd0f3055800 1627       1       com.sun.jmx.mbeanserver.MBeanSupport::getResource (5 bytes)
Event: 858.020 Thread 0x00007fd0f3055800 nmethod 1627 0x0000000109185dd0 code [0x0000000109185f20, 0x0000000109186030]

GC Heap History (6 events):
Event: 0.670 GC heap before
{Heap before GC invocations=1 (full 0):
 PSYoungGen      total 28672K, used 24576K [0x00000007a0000000, 0x00000007a2000000, 0x00000007c0000000)
  eden space 24576K, 100% used [0x00000007a0000000,0x00000007a1800000,0x00000007a1800000)
  from space 4096K, 0% used [0x00000007a1c00000,0x00000007a1c00000,0x00000007a2000000)
  to   space 4096K, 0% used [0x00000007a1800000,0x00000007a1800000,0x00000007a1c00000)
 ParOldGen       total 65536K, used 0K [0x0000000760000000, 0x0000000764000000, 0x00000007a0000000)
  object space 65536K, 0% used [0x0000000760000000,0x0000000760000000,0x0000000764000000)
 Metaspace       used 9459K, capacity 9580K, committed 9728K, reserved 1058816K
  class space    used 1136K, capacity 1168K, committed 1280K, reserved 1048576K
Event: 0.676 GC heap after
Heap after GC invocations=1 (full 0):
 PSYoungGen      total 28672K, used 4083K [0x00000007a0000000, 0x00000007a2000000, 0x00000007c0000000)
  eden space 24576K, 0% used [0x00000007a0000000,0x00000007a0000000,0x00000007a1800000)
  from space 4096K, 99% used [0x00000007a1800000,0x00000007a1bfcdb0,0x00000007a1c00000)
  to   space 4096K, 0% used [0x00000007a1c00000,0x00000007a1c00000,0x00000007a2000000)
 ParOldGen       total 65536K, used 1428K [0x0000000760000000, 0x0000000764000000, 0x00000007a0000000)
  object space 65536K, 2% used [0x0000000760000000,0x0000000760165350,0x0000000764000000)
 Metaspace       used 9459K, capacity 9580K, committed 9728K, reserved 1058816K
  class space    used 1136K, capacity 1168K, committed 1280K, reserved 1048576K
}
Event: 1.204 GC heap before
{Heap before GC invocations=2 (full 0):
 PSYoungGen      total 28672K, used 28659K [0x00000007a0000000, 0x00000007a2000000, 0x00000007c0000000)
  eden space 24576K, 100% used [0x00000007a0000000,0x00000007a1800000,0x00000007a1800000)
  from space 4096K, 99% used [0x00000007a1800000,0x00000007a1bfcdb0,0x00000007a1c00000)
  to   space 4096K, 0% used [0x00000007a1c00000,0x00000007a1c00000,0x00000007a2000000)
 ParOldGen       total 65536K, used 1428K [0x0000000760000000, 0x0000000764000000, 0x00000007a0000000)
  object space 65536K, 2% used [0x0000000760000000,0x0000000760165350,0x0000000764000000)
 Metaspace       used 14680K, capacity 14772K, committed 14976K, reserved 1062912K
  class space    used 1864K, capacity 1884K, committed 1920K, reserved 1048576K
Event: 1.211 GC heap after
Heap after GC invocations=2 (full 0):
 PSYoungGen      total 28672K, used 4069K [0x00000007a0000000, 0x00000007a3800000, 0x00000007c0000000)
  eden space 24576K, 0% used [0x00000007a0000000,0x00000007a0000000,0x00000007a1800000)
  from space 4096K, 99% used [0x00000007a1c00000,0x00000007a1ff9408,0x00000007a2000000)
  to   space 4096K, 0% used [0x00000007a1800000,0x00000007a1800000,0x00000007a1c00000)
 ParOldGen       total 65536K, used 3123K [0x0000000760000000, 0x0000000764000000, 0x00000007a0000000)
  object space 65536K, 4% used [0x0000000760000000,0x000000076030cc78,0x0000000764000000)
 Metaspace       used 14680K, capacity 14772K, committed 14976K, reserved 1062912K
  class space    used 1864K, capacity 1884K, committed 1920K, reserved 1048576K
}
Event: 1.564 GC heap before
{Heap before GC invocations=3 (full 0):
 PSYoungGen      total 28672K, used 28645K [0x00000007a0000000, 0x00000007a3800000, 0x00000007c0000000)
  eden space 24576K, 100% used [0x00000007a0000000,0x00000007a1800000,0x00000007a1800000)
  from space 4096K, 99% used [0x00000007a1c00000,0x00000007a1ff9408,0x00000007a2000000)
  to   space 4096K, 0% used [0x00000007a1800000,0x00000007a1800000,0x00000007a1c00000)
 ParOldGen       total 65536K, used 3123K [0x0000000760000000, 0x0000000764000000, 0x00000007a0000000)
  object space 65536K, 4% used [0x0000000760000000,0x000000076030cc78,0x0000000764000000)
 Metaspace       used 16631K, capacity 16754K, committed 17152K, reserved 1064960K
  class space    used 2151K, capacity 2177K, committed 2304K, reserved 1048576K
Event: 1.571 GC heap after
Heap after GC invocations=3 (full 0):
 PSYoungGen      total 28672K, used 4095K [0x00000007a0000000, 0x00000007a3800000, 0x00000007c0000000)
  eden space 24576K, 0% used [0x00000007a0000000,0x00000007a0000000,0x00000007a1800000)
  from space 4096K, 99% used [0x00000007a1800000,0x00000007a1bffce8,0x00000007a1c00000)
  to   space 4096K, 0% used [0x00000007a3400000,0x00000007a3400000,0x00000007a3800000)
 ParOldGen       total 65536K, used 4201K [0x0000000760000000, 0x0000000764000000, 0x00000007a0000000)
  object space 65536K, 6% used [0x0000000760000000,0x000000076041a660,0x0000000764000000)
 Metaspace       used 16631K, capacity 16754K, committed 17152K, reserved 1064960K
  class space    used 2151K, capacity 2177K, committed 2304K, reserved 1048576K
}

Deoptimization events (4 events):
Event: 0.394 Thread 0x00007fd0f3801000 Uncommon trap: reason=class_check action=maybe_recompile pc=0x00000001091e3c50 method=java.lang.String.equals(Ljava/lang/Object;)Z @ 8
Event: 9.701 Thread 0x00007fd0f38e0000 Uncommon trap: reason=class_check action=maybe_recompile pc=0x00000001091e3c50 method=java.lang.String.equals(Ljava/lang/Object;)Z @ 8
Event: 9.703 Thread 0x00007fd0f38e0000 Uncommon trap: reason=class_check action=maybe_recompile pc=0x00000001091e3c50 method=java.lang.String.equals(Ljava/lang/Object;)Z @ 8
Event: 9.704 Thread 0x00007fd0f38e0000 Uncommon trap: reason=class_check action=maybe_recompile pc=0x00000001091e3c50 method=java.lang.String.equals(Ljava/lang/Object;)Z @ 8

Internal exceptions (10 events):
Event: 9.820 Thread 0x00007fd0f39b5000 Exception <a 'java/security/PrivilegedActionException'> (0x00000007a0b28c88) thrown at [/HUDSON3/workspace/8-2-build-macosx-x86_64/jdk8u20/1074/hotspot/src/share/vm/prims/jvm.cpp, line 1275]
Event: 9.820 Thread 0x00007fd0f39b5000 Exception <a 'java/security/PrivilegedActionException'> (0x00000007a0b29808) thrown at [/HUDSON3/workspace/8-2-build-macosx-x86_64/jdk8u20/1074/hotspot/src/share/vm/prims/jvm.cpp, line 1275]
Event: 9.821 Thread 0x00007fd0f39b5000 Exception <a 'java/security/PrivilegedActionException'> (0x00000007a0b34448) thrown at [/HUDSON3/workspace/8-2-build-macosx-x86_64/jdk8u20/1074/hotspot/src/share/vm/prims/jvm.cpp, line 1275]
Event: 9.821 Thread 0x00007fd0f39b5000 Exception <a 'java/security/PrivilegedActionException'> (0x00000007a0b34fe8) thrown at [/HUDSON3/workspace/8-2-build-macosx-x86_64/jdk8u20/1074/hotspot/src/share/vm/prims/jvm.cpp, line 1275]
Event: 9.821 Thread 0x00007fd0f39b5000 Exception <a 'java/security/PrivilegedActionException'> (0x00000007a0b3b190) thrown at [/HUDSON3/workspace/8-2-build-macosx-x86_64/jdk8u20/1074/hotspot/src/share/vm/prims/jvm.cpp, line 1275]
Event: 9.834 Thread 0x00007fd0f39b5000 Exception <a 'java/security/PrivilegedActionException'> (0x00000007a0b43150) thrown at [/HUDSON3/workspace/8-2-build-macosx-x86_64/jdk8u20/1074/hotspot/src/share/vm/prims/jvm.cpp, line 1275]
Event: 9.865 Thread 0x00007fd0f39b5000 Exception <a 'java/security/PrivilegedActionException'> (0x00000007a0b4fa60) thrown at [/HUDSON3/workspace/8-2-build-macosx-x86_64/jdk8u20/1074/hotspot/src/share/vm/prims/jvm.cpp, line 1275]
Event: 858.019 Thread 0x00007fd0f39d4000 Exception <a 'java/net/SocketException': Socket closed> (0x00000007a0511bf0) thrown at [/HUDSON3/workspace/8-2-build-macosx-x86_64/jdk8u20/1074/hotspot/src/share/vm/prims/jni.cpp, line 742]
Event: 858.020 Thread 0x00007fd0f4258800 Exception <a 'java/io/IOException'> (0x00000007a0d30988) thrown at [/HUDSON3/workspace/8-2-build-macosx-x86_64/jdk8u20/1074/hotspot/src/share/vm/prims/jni.cpp, line 716]
Event: 860.074 Thread 0x00007fd0f3069800 Exception <a 'java/security/PrivilegedActionException'> (0x00000007a0e280a8) thrown at [/HUDSON3/workspace/8-2-build-macosx-x86_64/jdk8u20/1074/hotspot/src/share/vm/prims/jvm.cpp, line 1275]

Events (10 events):
Event: 858.018 Thread 0x00007fd0f3069800 Thread added: 0x00007fd0f3069800
Event: 858.018 Thread 0x00007fd0f306a800 Thread added: 0x00007fd0f306a800
Event: 858.018 Thread 0x00007fd0f284b800 Thread exited: 0x00007fd0f284b800
Event: 858.020 loading class java/nio/channels/AsynchronousCloseException
Event: 858.020 loading class java/nio/channels/ClosedChannelException
Event: 858.020 loading class java/nio/channels/ClosedChannelException done
Event: 858.020 Thread 0x00007fd0f306a800 Thread exited: 0x00007fd0f306a800
Event: 858.020 loading class java/nio/channels/AsynchronousCloseException done
Event: 860.074 loading class org/eclipse/jetty/util/thread/QueuedThreadPool$1
Event: 860.074 loading class org/eclipse/jetty/util/thread/QueuedThreadPool$1 done


Dynamic libraries:
0x000000000a94c000 	/System/Library/Frameworks/Cocoa.framework/Versions/A/Cocoa
0x000000000a94c000 	/System/Library/Frameworks/Security.framework/Versions/A/Security
0x000000000a94c000 	/System/Library/Frameworks/ApplicationServices.framework/Versions/A/ApplicationServices
0x000000000a94c000 	/usr/lib/libz.1.dylib
0x000000000a94c000 	/usr/lib/libSystem.B.dylib
0x000000000a94c000 	/usr/lib/libobjc.A.dylib
0x000000000a94c000 	/System/Library/Frameworks/CoreFoundation.framework/Versions/A/CoreFoundation
0x000000000a94c000 	/System/Library/Frameworks/Foundation.framework/Versions/C/Foundation
0x000000000a94c000 	/System/Library/Frameworks/AppKit.framework/Versions/C/AppKit
0x000000000a94c000 	/System/Library/Frameworks/CoreData.framework/Versions/A/CoreData
0x000000000a94c000 	/System/Library/PrivateFrameworks/RemoteViewServices.framework/Versions/A/RemoteViewServices
0x000000000a94c000 	/System/Library/PrivateFrameworks/UIFoundation.framework/Versions/A/UIFoundation
0x000000000a94c000 	/System/Library/Frameworks/IOSurface.framework/Versions/A/IOSurface
0x000000000a94c000 	/System/Library/Frameworks/AudioToolbox.framework/Versions/A/AudioToolbox
0x000000000a94c000 	/System/Library/Frameworks/AudioUnit.framework/Versions/A/AudioUnit
0x000000000a94c000 	/System/Library/PrivateFrameworks/DataDetectorsCore.framework/Versions/A/DataDetectorsCore
0x000000000a94c000 	/System/Library/PrivateFrameworks/DesktopServicesPriv.framework/Versions/A/DesktopServicesPriv
0x000000000a94c000 	/System/Library/Frameworks/Carbon.framework/Versions/A/Frameworks/HIToolbox.framework/Versions/A/HIToolbox
0x000000000a94c000 	/System/Library/Frameworks/QuartzCore.framework/Versions/A/QuartzCore
0x000000000a94c000 	/System/Library/Frameworks/Carbon.framework/Versions/A/Frameworks/SpeechRecognition.framework/Versions/A/SpeechRecognition
0x000000000a94c000 	/usr/lib/libauto.dylib
0x000000000a94c000 	/usr/lib/libicucore.A.dylib
0x000000000a94c000 	/usr/lib/libxml2.2.dylib
0x000000000a94c000 	/System/Library/PrivateFrameworks/CoreUI.framework/Versions/A/CoreUI
0x000000000a94c000 	/System/Library/Frameworks/CoreAudio.framework/Versions/A/CoreAudio
0x000000000a94c000 	/System/Library/Frameworks/DiskArbitration.framework/Versions/A/DiskArbitration
0x000000000a94c000 	/usr/lib/liblangid.dylib
0x000000000a94c000 	/System/Library/PrivateFrameworks/MultitouchSupport.framework/Versions/A/MultitouchSupport
0x000000000a94c000 	/System/Library/Frameworks/IOKit.framework/Versions/A/IOKit
0x000000000a94c000 	/usr/lib/libDiagnosticMessagesClient.dylib
0x000000000a94c000 	/System/Library/Frameworks/CoreServices.framework/Versions/A/CoreServices
0x000000000a94c000 	/System/Library/PrivateFrameworks/PerformanceAnalysis.framework/Versions/A/PerformanceAnalysis
0x000000000a94c000 	/System/Library/PrivateFrameworks/GenerationalStorage.framework/Versions/A/GenerationalStorage
0x000000000a94c000 	/System/Library/Frameworks/OpenGL.framework/Versions/A/OpenGL
0x000000000a94c000 	/System/Library/PrivateFrameworks/Sharing.framework/Versions/A/Sharing
0x000000000a94c000 	/System/Library/Frameworks/CoreGraphics.framework/Versions/A/CoreGraphics
0x000000000a94c000 	/System/Library/Frameworks/CoreText.framework/Versions/A/CoreText
0x000000000a94c000 	/System/Library/Frameworks/ImageIO.framework/Versions/A/ImageIO
0x000000000a94c000 	/usr/lib/libextension.dylib
0x000000000a94c000 	/System/Library/PrivateFrameworks/Backup.framework/Versions/A/Backup
0x000000000a94c000 	/usr/lib/libarchive.2.dylib
0x000000000a94c000 	/System/Library/Frameworks/CFNetwork.framework/Versions/A/CFNetwork
0x000000000a94c000 	/System/Library/Frameworks/SystemConfiguration.framework/Versions/A/SystemConfiguration
0x000000000a94c000 	/usr/lib/libCRFSuite.dylib
0x000000000a94c000 	/usr/lib/libc++.1.dylib
0x000000000a94c000 	/usr/lib/libc++abi.dylib
0x000000000a94c000 	/usr/lib/system/libcache.dylib
0x000000000a94c000 	/usr/lib/system/libcommonCrypto.dylib
0x000000000a94c000 	/usr/lib/system/libcompiler_rt.dylib
0x000000000a94c000 	/usr/lib/system/libcopyfile.dylib
0x000000000a94c000 	/usr/lib/system/libcorecrypto.dylib
0x000000000a94c000 	/usr/lib/system/libdispatch.dylib
0x000000000a94c000 	/usr/lib/system/libdyld.dylib
0x000000000a94c000 	/usr/lib/system/libkeymgr.dylib
0x000000000a94c000 	/usr/lib/system/liblaunch.dylib
0x000000000a94c000 	/usr/lib/system/libmacho.dylib
0x000000000a94c000 	/usr/lib/system/libquarantine.dylib
0x000000000a94c000 	/usr/lib/system/libremovefile.dylib
0x000000000a94c000 	/usr/lib/system/libsystem_asl.dylib
0x000000000a94c000 	/usr/lib/system/libsystem_blocks.dylib
0x000000000a94c000 	/usr/lib/system/libsystem_c.dylib
0x000000000a94c000 	/usr/lib/system/libsystem_configuration.dylib
0x000000000a94c000 	/usr/lib/system/libsystem_coreservices.dylib
0x000000000a94c000 	/usr/lib/system/libsystem_coretls.dylib
0x000000000a94c000 	/usr/lib/system/libsystem_dnssd.dylib
0x000000000a94c000 	/usr/lib/system/libsystem_info.dylib
0x000000000a94c000 	/usr/lib/system/libsystem_kernel.dylib
0x000000000a94c000 	/usr/lib/system/libsystem_m.dylib
0x000000000a94c000 	/usr/lib/system/libsystem_malloc.dylib
0x000000000a94c000 	/usr/lib/system/libsystem_network.dylib
0x000000000a94c000 	/usr/lib/system/libsystem_networkextension.dylib
0x000000000a94c000 	/usr/lib/system/libsystem_notify.dylib
0x000000000a94c000 	/usr/lib/system/libsystem_platform.dylib
0x000000000a94c000 	/usr/lib/system/libsystem_pthread.dylib
0x000000000a94c000 	/usr/lib/system/libsystem_sandbox.dylib
0x000000000a94c000 	/usr/lib/system/libsystem_secinit.dylib
0x000000000a94c000 	/usr/lib/system/libsystem_stats.dylib
0x000000000a94c000 	/usr/lib/system/libsystem_trace.dylib
0x000000000a94c000 	/usr/lib/system/libunc.dylib
0x000000000a94c000 	/usr/lib/system/libunwind.dylib
0x000000000a94c000 	/usr/lib/system/libxpc.dylib
0x000000000a94c000 	/usr/lib/libbz2.1.0.dylib
0x000000000a94c000 	/usr/lib/liblzma.5.dylib
0x000000000a94c000 	/usr/lib/libbsm.0.dylib
0x000000000a94c000 	/usr/lib/libsqlite3.dylib
0x000000000a94c000 	/usr/lib/system/libkxld.dylib
0x000000000a94c000 	/usr/lib/libxar.1.dylib
0x000000000a94c000 	/usr/lib/libpam.2.dylib
0x000000000a94c000 	/usr/lib/libOpenScriptingUtil.dylib
0x000000000a94c000 	/System/Library/Frameworks/CoreServices.framework/Versions/A/Frameworks/FSEvents.framework/Versions/A/FSEvents
0x000000000a94c000 	/System/Library/Frameworks/CoreServices.framework/Versions/A/Frameworks/CarbonCore.framework/Versions/A/CarbonCore
0x000000000a94c000 	/System/Library/Frameworks/CoreServices.framework/Versions/A/Frameworks/Metadata.framework/Versions/A/Metadata
0x000000000a94c000 	/System/Library/Frameworks/CoreServices.framework/Versions/A/Frameworks/OSServices.framework/Versions/A/OSServices
0x000000000a94c000 	/System/Library/Frameworks/CoreServices.framework/Versions/A/Frameworks/SearchKit.framework/Versions/A/SearchKit
0x000000000a94c000 	/System/Library/Frameworks/CoreServices.framework/Versions/A/Frameworks/AE.framework/Versions/A/AE
0x000000000a94c000 	/System/Library/Frameworks/CoreServices.framework/Versions/A/Frameworks/LaunchServices.framework/Versions/A/LaunchServices
0x000000000a94c000 	/System/Library/Frameworks/CoreServices.framework/Versions/A/Frameworks/DictionaryServices.framework/Versions/A/DictionaryServices
0x000000000a94c000 	/System/Library/Frameworks/NetFS.framework/Versions/A/NetFS
0x000000000a94c000 	/System/Library/PrivateFrameworks/NetAuth.framework/Versions/A/NetAuth
0x000000000a94c000 	/System/Library/PrivateFrameworks/login.framework/Versions/A/Frameworks/loginsupport.framework/Versions/A/loginsupport
0x000000000a94c000 	/System/Library/PrivateFrameworks/TCC.framework/Versions/A/TCC
0x000000000a94c000 	/usr/lib/libmecabra.dylib
0x000000000a94c000 	/System/Library/PrivateFrameworks/LanguageModeling.framework/Versions/A/LanguageModeling
0x000000000a94c000 	/usr/lib/libcmph.dylib
0x000000000a94c000 	/usr/lib/libiconv.2.dylib
0x000000000a94c000 	/System/Library/Frameworks/OpenDirectory.framework/Versions/A/Frameworks/CFOpenDirectory.framework/Versions/A/CFOpenDirectory
0x000000000a94c000 	/System/Library/Frameworks/ServiceManagement.framework/Versions/A/ServiceManagement
0x000000000a94c000 	/usr/lib/libxslt.1.dylib
0x000000000a94c000 	/System/Library/Frameworks/Carbon.framework/Versions/A/Frameworks/Ink.framework/Versions/A/Ink
0x000000000a94c000 	/System/Library/Frameworks/ApplicationServices.framework/Versions/A/Frameworks/ATS.framework/Versions/A/ATS
0x000000000a94c000 	/System/Library/Frameworks/ApplicationServices.framework/Versions/A/Frameworks/ColorSync.framework/Versions/A/ColorSync
0x000000000a94c000 	/System/Library/Frameworks/ApplicationServices.framework/Versions/A/Frameworks/HIServices.framework/Versions/A/HIServices
0x000000000a94c000 	/System/Library/Frameworks/ApplicationServices.framework/Versions/A/Frameworks/LangAnalysis.framework/Versions/A/LangAnalysis
0x000000000a94c000 	/System/Library/Frameworks/ApplicationServices.framework/Versions/A/Frameworks/PrintCore.framework/Versions/A/PrintCore
0x000000000a94c000 	/System/Library/Frameworks/ApplicationServices.framework/Versions/A/Frameworks/QD.framework/Versions/A/QD
0x000000000a94c000 	/System/Library/Frameworks/ApplicationServices.framework/Versions/A/Frameworks/SpeechSynthesis.framework/Versions/A/SpeechSynthesis
0x000000000a94c000 	/System/Library/Frameworks/Accelerate.framework/Versions/A/Accelerate
0x000000000a94c000 	/System/Library/Frameworks/Accelerate.framework/Versions/A/Frameworks/vImage.framework/Versions/A/vImage
0x000000000a94c000 	/System/Library/Frameworks/Accelerate.framework/Versions/A/Frameworks/vecLib.framework/Versions/A/vecLib
0x000000000a94c000 	/System/Library/Frameworks/Accelerate.framework/Versions/A/Frameworks/vecLib.framework/Versions/A/libvDSP.dylib
0x000000000a94c000 	/System/Library/Frameworks/Accelerate.framework/Versions/A/Frameworks/vecLib.framework/Versions/A/libvMisc.dylib
0x000000000a94c000 	/System/Library/Frameworks/Accelerate.framework/Versions/A/Frameworks/vecLib.framework/Versions/A/libLAPACK.dylib
0x000000000a94c000 	/System/Library/Frameworks/Accelerate.framework/Versions/A/Frameworks/vecLib.framework/Versions/A/libBLAS.dylib
0x000000000a94c000 	/System/Library/Frameworks/Accelerate.framework/Versions/A/Frameworks/vecLib.framework/Versions/A/libLinearAlgebra.dylib
0x000000000a94c000 	/System/Library/Frameworks/ApplicationServices.framework/Versions/A/Frameworks/ATS.framework/Versions/A/Resources/libFontParser.dylib
0x000000000a94c000 	/System/Library/Frameworks/ApplicationServices.framework/Versions/A/Frameworks/ATS.framework/Versions/A/Resources/libFontRegistry.dylib
0x000000000a94c000 	/System/Library/PrivateFrameworks/AppleVPA.framework/Versions/A/AppleVPA
0x000000000a94c000 	/System/Library/PrivateFrameworks/AppleJPEG.framework/Versions/A/AppleJPEG
0x000000000a94c000 	/System/Library/Frameworks/ImageIO.framework/Versions/A/Resources/libJPEG.dylib
0x000000000a94c000 	/System/Library/Frameworks/ImageIO.framework/Versions/A/Resources/libTIFF.dylib
0x000000000a94c000 	/System/Library/Frameworks/ImageIO.framework/Versions/A/Resources/libPng.dylib
0x000000000a94c000 	/System/Library/Frameworks/ImageIO.framework/Versions/A/Resources/libGIF.dylib
0x000000000a94c000 	/System/Library/Frameworks/ImageIO.framework/Versions/A/Resources/libJP2.dylib
0x000000000a94c000 	/System/Library/Frameworks/ImageIO.framework/Versions/A/Resources/libRadiance.dylib
0x000000000a94c000 	/System/Library/Frameworks/CoreVideo.framework/Versions/A/CoreVideo
0x000000000a94c000 	/System/Library/Frameworks/OpenGL.framework/Versions/A/Libraries/libGLU.dylib
0x000000000a94c000 	/System/Library/Frameworks/OpenGL.framework/Versions/A/Libraries/libGFXShared.dylib
0x000000000a94c000 	/System/Library/Frameworks/OpenGL.framework/Versions/A/Libraries/libGL.dylib
0x000000000a94c000 	/System/Library/Frameworks/OpenGL.framework/Versions/A/Libraries/libGLImage.dylib
0x000000000a94c000 	/System/Library/Frameworks/OpenGL.framework/Versions/A/Libraries/libCVMSPluginSupport.dylib
0x000000000a94c000 	/System/Library/Frameworks/OpenGL.framework/Versions/A/Libraries/libCoreVMClient.dylib
0x000000000a94c000 	/usr/lib/libcups.2.dylib
0x000000000a94c000 	/System/Library/Frameworks/Kerberos.framework/Versions/A/Kerberos
0x000000000a94c000 	/System/Library/Frameworks/GSS.framework/Versions/A/GSS
0x000000000a94c000 	/usr/lib/libresolv.9.dylib
0x000000000a94c000 	/System/Library/PrivateFrameworks/Heimdal.framework/Versions/A/Heimdal
0x000000000a94c000 	/usr/lib/libheimdal-asn1.dylib
0x000000000a94c000 	/System/Library/Frameworks/OpenDirectory.framework/Versions/A/OpenDirectory
0x000000000a94c000 	/System/Library/PrivateFrameworks/CommonAuth.framework/Versions/A/CommonAuth
0x000000000a94c000 	/System/Library/Frameworks/SecurityFoundation.framework/Versions/A/SecurityFoundation
0x000000000a94c000 	/System/Library/Frameworks/QuartzCore.framework/Versions/A/Frameworks/CoreImage.framework/Versions/A/CoreImage
0x000000000a94c000 	/System/Library/PrivateFrameworks/CrashReporterSupport.framework/Versions/A/CrashReporterSupport
0x000000000a94c000 	/System/Library/Frameworks/OpenCL.framework/Versions/A/OpenCL
0x000000000a94c000 	/System/Library/PrivateFrameworks/FaceCore.framework/Versions/A/FaceCore
0x000000000a94c000 	/System/Library/PrivateFrameworks/Ubiquity.framework/Versions/A/Ubiquity
0x000000000a94c000 	/System/Library/PrivateFrameworks/IconServices.framework/Versions/A/IconServices
0x000000000a94c000 	/System/Library/PrivateFrameworks/ChunkingLibrary.framework/Versions/A/ChunkingLibrary
0x000000000a94c000 	/System/Library/PrivateFrameworks/Apple80211.framework/Versions/A/Apple80211
0x000000000a94c000 	/System/Library/Frameworks/CoreWLAN.framework/Versions/A/CoreWLAN
0x000000000a94c000 	/System/Library/Frameworks/IOBluetooth.framework/Versions/A/IOBluetooth
0x000000000a94c000 	/System/Library/PrivateFrameworks/CoreWiFi.framework/Versions/A/CoreWiFi
0x000000000a94c000 	/System/Library/Frameworks/CoreBluetooth.framework/Versions/A/CoreBluetooth
0x000000000a94c000 	/System/Library/PrivateFrameworks/DebugSymbols.framework/Versions/A/DebugSymbols
0x000000000a94c000 	/System/Library/PrivateFrameworks/CoreSymbolication.framework/Versions/A/CoreSymbolication
0x000000000a94c000 	/System/Library/PrivateFrameworks/Symbolication.framework/Versions/A/Symbolication
0x000000000a94c000 	/System/Library/PrivateFrameworks/SpeechRecognitionCore.framework/Versions/A/SpeechRecognitionCore
0x0000000108000000 	/Library/Java/JavaVirtualMachines/jdk1.8.0_20.jdk/Contents/Home/jre/lib/server/libjvm.dylib
0x000000000a94c000 	/usr/lib/libstdc++.6.dylib
0x00000001077c5000 	/Library/Java/JavaVirtualMachines/jdk1.8.0_20.jdk/Contents/Home/jre/lib/libverify.dylib
0x000000010901e000 	/Library/Java/JavaVirtualMachines/jdk1.8.0_20.jdk/Contents/Home/jre/lib/libjava.dylib
0x00000001077dd000 	/Library/Java/JavaVirtualMachines/jdk1.8.0_20.jdk/Contents/Home/jre/lib/libzip.dylib
0x00000001077e6000 	/System/Library/Frameworks/JavaVM.framework/Frameworks/JavaRuntimeSupport.framework/JavaRuntimeSupport
0x000000011dde9000 	/System/Library/Frameworks/JavaVM.framework/Versions/A/Frameworks/JavaNativeFoundation.framework/Versions/A/JavaNativeFoundation
0x000000011ddfe000 	/System/Library/Frameworks/JavaVM.framework/Versions/A/JavaVM
0x000000000a94c000 	/System/Library/Frameworks/Carbon.framework/Versions/A/Carbon
0x000000011de0b000 	/System/Library/PrivateFrameworks/JavaLaunching.framework/Versions/A/JavaLaunching
0x000000000a94c000 	/System/Library/Frameworks/Carbon.framework/Versions/A/Frameworks/CommonPanels.framework/Versions/A/CommonPanels
0x000000000a94c000 	/System/Library/Frameworks/Carbon.framework/Versions/A/Frameworks/Help.framework/Versions/A/Help
0x000000000a94c000 	/System/Library/Frameworks/Carbon.framework/Versions/A/Frameworks/ImageCapture.framework/Versions/A/ImageCapture
0x000000000a94c000 	/System/Library/Frameworks/Carbon.framework/Versions/A/Frameworks/OpenScripting.framework/Versions/A/OpenScripting
0x000000000a94c000 	/System/Library/Frameworks/Carbon.framework/Versions/A/Frameworks/Print.framework/Versions/A/Print
0x000000000a94c000 	/System/Library/Frameworks/Carbon.framework/Versions/A/Frameworks/SecurityHI.framework/Versions/A/SecurityHI
0x000000011fea0000 	/Library/Java/JavaVirtualMachines/jdk1.8.0_20.jdk/Contents/Home/jre/lib/libmanagement.dylib
0x000000011fead000 	/Library/Java/JavaVirtualMachines/jdk1.8.0_20.jdk/Contents/Home/jre/lib/libnet.dylib
0x000000011fec4000 	/Library/Java/JavaVirtualMachines/jdk1.8.0_20.jdk/Contents/Home/jre/lib/libnio.dylib

VM Arguments:
java_command: ../target/server-0.0.1-SNAPSHOT.jar server ../config/server_C_config.yml
java_class_path (initial): ../target/server-0.0.1-SNAPSHOT.jar
Launcher Type: SUN_STANDARD

Environment Variables:
JAVA_HOME=/Library/Java/JavaVirtualMachines/jdk1.8.0_20.jdk/Contents/Home
PATH=/Users/gauravbajaj/anaconda/bin:/Library/spark-1.1.0/bin:/Library/MongoDB/bin:/Library/Java/JavaVirtualMachines/jdk1.8.0_20.jdk/Contents/Home/bin:/Library/Gradle/bin:/Library/Scala/bin:/usr/local/bin:/usr/bin:/bin:/usr/sbin:/sbin:/usr/local/git/bin
SHELL=/bin/bash

Signal Handlers:
SIGSEGV: [libjvm.dylib+0x578fd7], sa_mask[0]=11111111011111110111111111111111, sa_flags=SA_ONSTACK|SA_RESTART|SA_SIGINFO
SIGBUS: [libjvm.dylib+0x578fd7], sa_mask[0]=11111111011111110111111111111111, sa_flags=SA_RESTART|SA_SIGINFO
SIGFPE: [libjvm.dylib+0x45ab0c], sa_mask[0]=11111111011111110111111111111111, sa_flags=SA_RESTART|SA_SIGINFO
SIGPIPE: [libjvm.dylib+0x45ab0c], sa_mask[0]=11111111011111110111111111111111, sa_flags=SA_RESTART|SA_SIGINFO
SIGXFSZ: [libjvm.dylib+0x45ab0c], sa_mask[0]=11111111011111110111111111111111, sa_flags=SA_RESTART|SA_SIGINFO
SIGILL: [libjvm.dylib+0x45ab0c], sa_mask[0]=11111111011111110111111111111111, sa_flags=SA_RESTART|SA_SIGINFO
SIGUSR1: SIG_DFL, sa_mask[0]=11011111011111100000000111000110, sa_flags=none
SIGUSR2: [libjvm.dylib+0x45a62a], sa_mask[0]=00000000000000000000000000000000, sa_flags=SA_RESTART|SA_SIGINFO
SIGHUP: [libjvm.dylib+0x458bfd], sa_mask[0]=11111111011111110111111111111111, sa_flags=SA_RESTART|SA_SIGINFO
SIGINT: [libjvm.dylib+0x458bfd], sa_mask[0]=11111111011111110111111111111111, sa_flags=SA_RESTART|SA_SIGINFO
SIGTERM: [libjvm.dylib+0x458bfd], sa_mask[0]=11111111011111110111111111111111, sa_flags=SA_RESTART|SA_SIGINFO
SIGQUIT: [libjvm.dylib+0x458bfd], sa_mask[0]=11111111011111110111111111111111, sa_flags=SA_RESTART|SA_SIGINFO


---------------  S Y S T E M  ---------------

OS:Bsduname:Darwin 14.0.0 Darwin Kernel Version 14.0.0: Fri Sep 19 00:26:44 PDT 2014; root:xnu-2782.1.97~2/RELEASE_X86_64 x86_64
rlimit: STACK 8192k, CORE 0k, NPROC 709, NOFILE 10240, AS infinity
load average:2.08 1.82 1.68

CPU:total 4 (2 cores per cpu, 2 threads per core) family 6 model 58 stepping 9, cmov, cx8, fxsr, mmx, sse, sse2, sse3, ssse3, sse4.1, sse4.2, popcnt, avx, aes, clmul, erms, ht, tsc, tscinvbit, tscinv

Memory: 4k page, physical 6291456k(938980k free)

/proc/meminfo:


vm_info: Java HotSpot(TM) 64-Bit Server VM (25.20-b23) for bsd-amd64 JRE (1.8.0_20-b26), built on Jul 30 2014 13:37:47 by "java_re" with gcc 4.2.1 (Based on Apple Inc. build 5658) (LLVM build 2336.9.00)

time: Sat Dec 20 11:18:14 2014
elapsed time: 860 seconds (0d 0h 14m 20s)

